
/Users/admin/CTD_2023/Lab10/target/5.3.0/argon/Lab10.elf:     file format elf32-littlearm

Sections:
Idx Name          Size      VMA       LMA       File off  Algn
  0 .module_info  00000018  000b4000  000b4000  00004000  2**0
                  CONTENTS, ALLOC, LOAD, READONLY, DATA
  1 .dynalib      00000004  000b4018  000b4018  00004018  2**2
                  CONTENTS, ALLOC, LOAD, READONLY, DATA
  2 .text         00000f74  000b401c  000b401c  0000401c  2**2
                  CONTENTS, ALLOC, LOAD, READONLY, CODE
  3 .note.gnu.build-id 00000024  000b4f90  000b4f90  00004f90  2**2
                  CONTENTS, ALLOC, LOAD, READONLY, DATA
  4 .data         0000006c  2003e664  000b4fb4  0000e664  2**2
                  CONTENTS, ALLOC, LOAD, DATA
  5 .bss          00000120  2003e6d0  2003e6d0  0001e6d0  2**2
                  ALLOC
  6 .backup       00000004  2003f400  000b5020  0000f400  2**2
                  CONTENTS, ALLOC, LOAD, DATA
  7 .module_info_product 00000006  000b5024  000b5024  00015024  2**0
                  ALLOC
  8 .module_info_suffix 00000024  000b502a  000b502a  0001502a  2**0
                  CONTENTS, ALLOC, LOAD, READONLY, DATA
  9 .module_info_crc 00000004  000b504e  000b504e  0001504e  2**0
                  CONTENTS, ALLOC, LOAD, READONLY, DATA
 10 .debug_info   000dae0c  00000000  00000000  00015052  2**0
                  CONTENTS, READONLY, DEBUGGING, OCTETS
 11 .debug_abbrev 0000ca62  00000000  00000000  000efe5e  2**0
                  CONTENTS, READONLY, DEBUGGING, OCTETS
 12 .debug_loc    0002fd27  00000000  00000000  000fc8c0  2**0
                  CONTENTS, READONLY, DEBUGGING, OCTETS
 13 .debug_aranges 00002078  00000000  00000000  0012c5e7  2**0
                  CONTENTS, READONLY, DEBUGGING, OCTETS
 14 .debug_ranges 00008fd0  00000000  00000000  0012e65f  2**0
                  CONTENTS, READONLY, DEBUGGING, OCTETS
 15 .debug_macro  0002f17c  00000000  00000000  0013762f  2**0
                  CONTENTS, READONLY, DEBUGGING, OCTETS
 16 .debug_line   0002c5bc  00000000  00000000  001667ab  2**0
                  CONTENTS, READONLY, DEBUGGING, OCTETS
 17 .debug_str    001326c7  00000000  00000000  00192d67  2**0
                  CONTENTS, READONLY, DEBUGGING, OCTETS
 18 .debug_frame  00005c3c  00000000  00000000  002c5430  2**2
                  CONTENTS, READONLY, DEBUGGING, OCTETS

Disassembly of section .text:

000b401c <strlen>:
   b401c:	4603      	mov	r3, r0
   b401e:	f813 2b01 	ldrb.w	r2, [r3], #1
   b4022:	2a00      	cmp	r2, #0
   b4024:	d1fb      	bne.n	b401e <strlen+0x2>
   b4026:	1a18      	subs	r0, r3, r0
   b4028:	3801      	subs	r0, #1
   b402a:	4770      	bx	lr

000b402c <module_user_pre_init>:
/**
 * Initializes this user module. Returns the start of the heap.
 */
void* module_user_pre_init() {

    if ( (&link_global_data_start!=&link_global_data_initial_values) && (link_global_data_size != 0))
   b402c:	4809      	ldr	r0, [pc, #36]	; (b4054 <module_user_pre_init+0x28>)
   b402e:	490a      	ldr	r1, [pc, #40]	; (b4058 <module_user_pre_init+0x2c>)
   b4030:	4288      	cmp	r0, r1
void* module_user_pre_init() {
   b4032:	b508      	push	{r3, lr}
    if ( (&link_global_data_start!=&link_global_data_initial_values) && (link_global_data_size != 0))
   b4034:	d005      	beq.n	b4042 <module_user_pre_init+0x16>
   b4036:	4a09      	ldr	r2, [pc, #36]	; (b405c <module_user_pre_init+0x30>)
   b4038:	4282      	cmp	r2, r0
   b403a:	d002      	beq.n	b4042 <module_user_pre_init+0x16>
    {
        memcpy(&link_global_data_start, &link_global_data_initial_values, link_global_data_size);
   b403c:	1a12      	subs	r2, r2, r0
   b403e:	f000 fdf1 	bl	b4c24 <memcpy>
    }

    memset(&link_bss_location, 0, link_bss_size );
   b4042:	4807      	ldr	r0, [pc, #28]	; (b4060 <module_user_pre_init+0x34>)
   b4044:	4a07      	ldr	r2, [pc, #28]	; (b4064 <module_user_pre_init+0x38>)
   b4046:	2100      	movs	r1, #0
   b4048:	1a12      	subs	r2, r2, r0
   b404a:	f000 fdf9 	bl	b4c40 <memset>
    return &link_global_data_start;
}
   b404e:	4801      	ldr	r0, [pc, #4]	; (b4054 <module_user_pre_init+0x28>)
   b4050:	bd08      	pop	{r3, pc}
   b4052:	bf00      	nop
   b4054:	2003e664 	.word	0x2003e664
   b4058:	000b4fb4 	.word	0x000b4fb4
   b405c:	2003e6d0 	.word	0x2003e6d0
   b4060:	2003e6d0 	.word	0x2003e6d0
   b4064:	2003e7f0 	.word	0x2003e7f0

000b4068 <module_user_init>:
extern constructor_ptr_t link_constructors_location[];
extern constructor_ptr_t link_constructors_end;
#define link_constructors_size   ((unsigned long)&link_constructors_end  -  (unsigned long)&link_constructors_location )

void module_user_init()
{
   b4068:	b570      	push	{r4, r5, r6, lr}
    module_user_init_hook();

    // invoke constructors
    for (size_t ctor_num=0; ctor_num < link_constructors_size/sizeof(constructor_ptr_t); ctor_num++ )
   b406a:	4e07      	ldr	r6, [pc, #28]	; (b4088 <module_user_init+0x20>)
   b406c:	4c07      	ldr	r4, [pc, #28]	; (b408c <module_user_init+0x24>)
    module_user_init_hook();
   b406e:	f000 fd5f 	bl	b4b30 <module_user_init_hook>
    for (size_t ctor_num=0; ctor_num < link_constructors_size/sizeof(constructor_ptr_t); ctor_num++ )
   b4072:	1ba4      	subs	r4, r4, r6
   b4074:	08a4      	lsrs	r4, r4, #2
   b4076:	2500      	movs	r5, #0
   b4078:	42ac      	cmp	r4, r5
   b407a:	d100      	bne.n	b407e <module_user_init+0x16>
    {
        link_constructors_location[ctor_num]();
    }
}
   b407c:	bd70      	pop	{r4, r5, r6, pc}
        link_constructors_location[ctor_num]();
   b407e:	f856 3b04 	ldr.w	r3, [r6], #4
   b4082:	4798      	blx	r3
    for (size_t ctor_num=0; ctor_num < link_constructors_size/sizeof(constructor_ptr_t); ctor_num++ )
   b4084:	3501      	adds	r5, #1
   b4086:	e7f7      	b.n	b4078 <module_user_init+0x10>
   b4088:	000b4f6c 	.word	0x000b4f6c
   b408c:	000b4f90 	.word	0x000b4f90

000b4090 <module_user_setup>:

/**
 * Export these functions with a fuller name so they don't clash with the setup/loop wrappers in the system module.
 */
void module_user_setup() {
    setup();
   b4090:	f000 b814 	b.w	b40bc <setup>

000b4094 <module_user_loop>:
}

void module_user_loop() {
   b4094:	b508      	push	{r3, lr}
    loop();
   b4096:	f000 f82f 	bl	b40f8 <loop>
    _post_loop();
}
   b409a:	e8bd 4008 	ldmia.w	sp!, {r3, lr}
    _post_loop();
   b409e:	f000 bcff 	b.w	b4aa0 <_post_loop>

000b40a2 <_Znaj>:
   b40a2:	f000 b9a1 	b.w	b43e8 <malloc>

000b40a6 <_ZdlPvj>:
	free(p);
}

void operator delete(void *p, size_t size)
{
	free(p);
   b40a6:	f000 b9a7 	b.w	b43f8 <free>

000b40aa <__cxa_guard_acquire>:

/* Provide default implemenation for __cxa_guard_acquire() and
 * __cxa_guard_release(). Note: these must be revisited if a multitasking
 * OS is ported to this platform. */
__extension__ typedef int __guard __attribute__((mode (__DI__)));
int __cxa_guard_acquire(__guard *g) {return !*(char *)(g);};
   b40aa:	7800      	ldrb	r0, [r0, #0]
   b40ac:	fab0 f080 	clz	r0, r0
   b40b0:	0940      	lsrs	r0, r0, #5
   b40b2:	4770      	bx	lr

000b40b4 <__cxa_guard_release>:
void __cxa_guard_release (__guard *g) {*(char *)g = 1;};
   b40b4:	2301      	movs	r3, #1
   b40b6:	7003      	strb	r3, [r0, #0]
   b40b8:	4770      	bx	lr
	...

000b40bc <setup>:
SYSTEM_MODE(MANUAL);
SYSTEM_THREAD(ENABLED);

void setup() {
   b40bc:	b510      	push	{r4, lr}
  Serial.begin(9600);
   b40be:	f000 fc69 	bl	b4994 <_Z16_fetch_usbserialv>
   b40c2:	f44f 5116 	mov.w	r1, #9600	; 0x2580
   b40c6:	f000 fc55 	bl	b4974 <_ZN9USBSerial5beginEl>
  while(!Serial.isConnected()){
    Serial.println("Attach the argon onto the computer.");
   b40ca:	4c0a      	ldr	r4, [pc, #40]	; (b40f4 <setup+0x38>)
  while(!Serial.isConnected()){
   b40cc:	f000 fc62 	bl	b4994 <_Z16_fetch_usbserialv>
   b40d0:	f000 fc54 	bl	b497c <_ZN9USBSerial11isConnectedEv>
   b40d4:	b928      	cbnz	r0, b40e2 <setup+0x26>
    Serial.println("Attach the argon onto the computer.");
   b40d6:	f000 fc5d 	bl	b4994 <_Z16_fetch_usbserialv>
   b40da:	4621      	mov	r1, r4
   b40dc:	f000 fb53 	bl	b4786 <_ZN5Print7printlnEPKc>
  while(!Serial.isConnected()){
   b40e0:	e7f4      	b.n	b40cc <setup+0x10>
  }

  Serial1.begin(9600);
   b40e2:	f000 fd73 	bl	b4bcc <_Z22__fetch_global_Serial1v>
}
   b40e6:	e8bd 4010 	ldmia.w	sp!, {r4, lr}
  Serial1.begin(9600);
   b40ea:	f44f 5116 	mov.w	r1, #9600	; 0x2580
   b40ee:	f000 bbeb 	b.w	b48c8 <_ZN11USARTSerial5beginEm>
   b40f2:	bf00      	nop
   b40f4:	000b4d8c 	.word	0x000b4d8c

000b40f8 <loop>:

void loop() {
   b40f8:	b510      	push	{r4, lr}
  if (Serial.available() > 0) {
   b40fa:	f000 fc4b 	bl	b4994 <_Z16_fetch_usbserialv>
   b40fe:	6803      	ldr	r3, [r0, #0]
   b4100:	691b      	ldr	r3, [r3, #16]
   b4102:	4798      	blx	r3
   b4104:	2800      	cmp	r0, #0
   b4106:	dd0a      	ble.n	b411e <loop+0x26>
      char value = Serial.read(); //reads the data from computer
   b4108:	f000 fc44 	bl	b4994 <_Z16_fetch_usbserialv>
   b410c:	6803      	ldr	r3, [r0, #0]
   b410e:	695b      	ldr	r3, [r3, #20]
   b4110:	4798      	blx	r3
   b4112:	4604      	mov	r4, r0
      Serial1.print(value); //sending the value to argon2
   b4114:	f000 fd5a 	bl	b4bcc <_Z22__fetch_global_Serial1v>
   b4118:	b2e1      	uxtb	r1, r4
   b411a:	f000 fb25 	bl	b4768 <_ZN5Print5printEc>
  }
  if (Serial1.available() > 0) {
   b411e:	f000 fd55 	bl	b4bcc <_Z22__fetch_global_Serial1v>
   b4122:	6803      	ldr	r3, [r0, #0]
   b4124:	691b      	ldr	r3, [r3, #16]
   b4126:	4798      	blx	r3
   b4128:	2800      	cmp	r0, #0
   b412a:	dd0c      	ble.n	b4146 <loop+0x4e>
    char value = Serial1.read();
   b412c:	f000 fd4e 	bl	b4bcc <_Z22__fetch_global_Serial1v>
   b4130:	6803      	ldr	r3, [r0, #0]
   b4132:	695b      	ldr	r3, [r3, #20]
   b4134:	4798      	blx	r3
   b4136:	4604      	mov	r4, r0
    Serial.print(value);
   b4138:	f000 fc2c 	bl	b4994 <_Z16_fetch_usbserialv>
   b413c:	b2e1      	uxtb	r1, r4
  }
   b413e:	e8bd 4010 	ldmia.w	sp!, {r4, lr}
    Serial.print(value);
   b4142:	f000 bb11 	b.w	b4768 <_ZN5Print5printEc>
   b4146:	bd10      	pop	{r4, pc}

000b4148 <_GLOBAL__sub_I_SystemMode>:
   b4148:	b510      	push	{r4, lr}

class SystemSleepResult {
public:
    SystemSleepResult()
            : wakeupSource_(nullptr),
              error_(SYSTEM_ERROR_NONE) {
   b414a:	4b07      	ldr	r3, [pc, #28]	; (b4168 <_GLOBAL__sub_I_SystemMode+0x20>)
    SleepResult() {}
   b414c:	4a07      	ldr	r2, [pc, #28]	; (b416c <_GLOBAL__sub_I_SystemMode+0x24>)
   b414e:	609a      	str	r2, [r3, #8]
              error_(SYSTEM_ERROR_NONE) {
   b4150:	2400      	movs	r4, #0
   b4152:	e9c3 4400 	strd	r4, r4, [r3]

class SystemClass {
public:

    SystemClass(System_Mode_TypeDef mode = DEFAULT) {
        set_system_mode(mode);
   b4156:	2003      	movs	r0, #3
   b4158:	f000 f8ba 	bl	b42d0 <set_system_mode>
SYSTEM_THREAD(ENABLED);
   b415c:	4621      	mov	r1, r4
   b415e:	2001      	movs	r0, #1
   b4160:	e8bd 4010 	ldmia.w	sp!, {r4, lr}
SYSTEM_THREAD(ENABLED);
   b4164:	f000 b8bc 	b.w	b42e0 <system_thread_set_state>
   b4168:	2003e6d0 	.word	0x2003e6d0
   b416c:	ffff0000 	.word	0xffff0000

000b4170 <os_mutex_recursive_create>:
DYNALIB_FN(13, hal_concurrent, os_mutex_destroy, int(os_mutex_t))
DYNALIB_FN(14, hal_concurrent, os_mutex_lock, int(os_mutex_t))
DYNALIB_FN(15, hal_concurrent, os_mutex_trylock, int(os_mutex_t))
DYNALIB_FN(16, hal_concurrent, os_mutex_unlock, int(os_mutex_t))

DYNALIB_FN(17, hal_concurrent, os_mutex_recursive_create, int(os_mutex_recursive_t*))
   b4170:	b508      	push	{r3, lr}
   b4172:	4b02      	ldr	r3, [pc, #8]	; (b417c <os_mutex_recursive_create+0xc>)
   b4174:	681b      	ldr	r3, [r3, #0]
   b4176:	6c5b      	ldr	r3, [r3, #68]	; 0x44
   b4178:	9301      	str	r3, [sp, #4]
   b417a:	bd08      	pop	{r3, pc}
   b417c:	00030248 	.word	0x00030248

000b4180 <HAL_RNG_GetRandomNumber>:

DYNALIB_BEGIN(hal)

#if PLATFORM_ID > PLATFORM_GCC
DYNALIB_FN(0, hal, HAL_RNG_Configuration, void(void))
DYNALIB_FN(1, hal, HAL_RNG_GetRandomNumber, uint32_t(void))
   b4180:	b508      	push	{r3, lr}
   b4182:	4b02      	ldr	r3, [pc, #8]	; (b418c <HAL_RNG_GetRandomNumber+0xc>)
   b4184:	681b      	ldr	r3, [r3, #0]
   b4186:	685b      	ldr	r3, [r3, #4]
   b4188:	9301      	str	r3, [sp, #4]
   b418a:	bd08      	pop	{r3, pc}
   b418c:	00030218 	.word	0x00030218

000b4190 <HAL_Timer_Get_Milli_Seconds>:
#endif // PLATFORM_ID > PLATFORM_GCC

DYNALIB_FN(BASE_IDX + 0, hal, HAL_Delay_Milliseconds, void(uint32_t))
DYNALIB_FN(BASE_IDX + 1, hal, HAL_Delay_Microseconds, void(uint32_t))
DYNALIB_FN(BASE_IDX + 2, hal, HAL_Timer_Get_Micro_Seconds, system_tick_t(void))
DYNALIB_FN(BASE_IDX + 3, hal, HAL_Timer_Get_Milli_Seconds, system_tick_t(void))
   b4190:	b508      	push	{r3, lr}
   b4192:	4b02      	ldr	r3, [pc, #8]	; (b419c <HAL_Timer_Get_Milli_Seconds+0xc>)
   b4194:	681b      	ldr	r3, [r3, #0]
   b4196:	695b      	ldr	r3, [r3, #20]
   b4198:	9301      	str	r3, [sp, #4]
   b419a:	bd08      	pop	{r3, pc}
   b419c:	00030218 	.word	0x00030218

000b41a0 <inet_inet_ntop>:
DYNALIB_FN(0, hal_inet, inet_inet_addr, in_addr_t(const char*))
DYNALIB_FN(1, hal_inet, inet_inet_aton, int(const char*, struct in_addr*))
DYNALIB_FN(2, hal_inet, inet_inet_network, in_addr_t(const char*))
DYNALIB_FN(3, hal_inet, inet_inet_ntoa, char*(struct in_addr))
DYNALIB_FN(4, hal_inet, inet_inet_ntoa_r, char*(struct in_addr, char*, socklen_t))
DYNALIB_FN(5, hal_inet, inet_inet_ntop, const char*(int, const void*, char*, socklen_t))
   b41a0:	b508      	push	{r3, lr}
   b41a2:	4b02      	ldr	r3, [pc, #8]	; (b41ac <inet_inet_ntop+0xc>)
   b41a4:	681b      	ldr	r3, [r3, #0]
   b41a6:	695b      	ldr	r3, [r3, #20]
   b41a8:	9301      	str	r3, [sp, #4]
   b41aa:	bd08      	pop	{r3, pc}
   b41ac:	00030264 	.word	0x00030264

000b41b0 <netdb_freeaddrinfo>:

DYNALIB_BEGIN(hal_netdb)

DYNALIB_FN(0, hal_netdb, netdb_gethostbyname, struct hostent*(const char*))
DYNALIB_FN(1, hal_netdb, netdb_gethostbyname_r, int(const char*, struct hostent*, char*, size_t, struct hostent**, int*))
DYNALIB_FN(2, hal_netdb, netdb_freeaddrinfo, void(struct addrinfo*))
   b41b0:	b508      	push	{r3, lr}
   b41b2:	4b02      	ldr	r3, [pc, #8]	; (b41bc <netdb_freeaddrinfo+0xc>)
   b41b4:	681b      	ldr	r3, [r3, #0]
   b41b6:	689b      	ldr	r3, [r3, #8]
   b41b8:	9301      	str	r3, [sp, #4]
   b41ba:	bd08      	pop	{r3, pc}
   b41bc:	00030268 	.word	0x00030268

000b41c0 <netdb_getaddrinfo>:
DYNALIB_FN(3, hal_netdb, netdb_getaddrinfo, int(const char*, const char*, const struct addrinfo*, struct addrinfo**))
   b41c0:	b508      	push	{r3, lr}
   b41c2:	4b02      	ldr	r3, [pc, #8]	; (b41cc <netdb_getaddrinfo+0xc>)
   b41c4:	681b      	ldr	r3, [r3, #0]
   b41c6:	68db      	ldr	r3, [r3, #12]
   b41c8:	9301      	str	r3, [sp, #4]
   b41ca:	bd08      	pop	{r3, pc}
   b41cc:	00030268 	.word	0x00030268

000b41d0 <hal_usart_write>:
#endif

DYNALIB_FN(BASE_IDX + 0, hal_usart, hal_usart_init, void(hal_usart_interface_t, hal_usart_ring_buffer_t*, hal_usart_ring_buffer_t*))
DYNALIB_FN(BASE_IDX + 1, hal_usart, hal_usart_begin, void(hal_usart_interface_t, uint32_t))
DYNALIB_FN(BASE_IDX + 2, hal_usart, hal_usart_end, void(hal_usart_interface_t))
DYNALIB_FN(BASE_IDX + 3, hal_usart, hal_usart_write, uint32_t(hal_usart_interface_t, uint8_t))
   b41d0:	b508      	push	{r3, lr}
   b41d2:	4b02      	ldr	r3, [pc, #8]	; (b41dc <hal_usart_write+0xc>)
   b41d4:	681b      	ldr	r3, [r3, #0]
   b41d6:	68db      	ldr	r3, [r3, #12]
   b41d8:	9301      	str	r3, [sp, #4]
   b41da:	bd08      	pop	{r3, pc}
   b41dc:	0003023c 	.word	0x0003023c

000b41e0 <hal_usart_available>:
DYNALIB_FN(BASE_IDX + 4, hal_usart, hal_usart_available, int32_t(hal_usart_interface_t))
   b41e0:	b508      	push	{r3, lr}
   b41e2:	4b02      	ldr	r3, [pc, #8]	; (b41ec <hal_usart_available+0xc>)
   b41e4:	681b      	ldr	r3, [r3, #0]
   b41e6:	691b      	ldr	r3, [r3, #16]
   b41e8:	9301      	str	r3, [sp, #4]
   b41ea:	bd08      	pop	{r3, pc}
   b41ec:	0003023c 	.word	0x0003023c

000b41f0 <hal_usart_read>:
DYNALIB_FN(BASE_IDX + 5, hal_usart, hal_usart_read, int32_t(hal_usart_interface_t))
   b41f0:	b508      	push	{r3, lr}
   b41f2:	4b02      	ldr	r3, [pc, #8]	; (b41fc <hal_usart_read+0xc>)
   b41f4:	681b      	ldr	r3, [r3, #0]
   b41f6:	695b      	ldr	r3, [r3, #20]
   b41f8:	9301      	str	r3, [sp, #4]
   b41fa:	bd08      	pop	{r3, pc}
   b41fc:	0003023c 	.word	0x0003023c

000b4200 <hal_usart_peek>:
DYNALIB_FN(BASE_IDX + 6, hal_usart, hal_usart_peek, int32_t(hal_usart_interface_t))
   b4200:	b508      	push	{r3, lr}
   b4202:	4b02      	ldr	r3, [pc, #8]	; (b420c <hal_usart_peek+0xc>)
   b4204:	681b      	ldr	r3, [r3, #0]
   b4206:	699b      	ldr	r3, [r3, #24]
   b4208:	9301      	str	r3, [sp, #4]
   b420a:	bd08      	pop	{r3, pc}
   b420c:	0003023c 	.word	0x0003023c

000b4210 <hal_usart_flush>:
DYNALIB_FN(BASE_IDX + 7, hal_usart, hal_usart_flush, void(hal_usart_interface_t))
   b4210:	b508      	push	{r3, lr}
   b4212:	4b02      	ldr	r3, [pc, #8]	; (b421c <hal_usart_flush+0xc>)
   b4214:	681b      	ldr	r3, [r3, #0]
   b4216:	69db      	ldr	r3, [r3, #28]
   b4218:	9301      	str	r3, [sp, #4]
   b421a:	bd08      	pop	{r3, pc}
   b421c:	0003023c 	.word	0x0003023c

000b4220 <hal_usart_available_data_for_write>:
DYNALIB_FN(BASE_IDX + 8, hal_usart, hal_usart_is_enabled, bool(hal_usart_interface_t))
DYNALIB_FN(BASE_IDX + 9, hal_usart, hal_usart_half_duplex, void(hal_usart_interface_t, bool))
DYNALIB_FN(BASE_IDX + 10, hal_usart, hal_usart_available_data_for_write, int32_t(hal_usart_interface_t))
   b4220:	b508      	push	{r3, lr}
   b4222:	4b02      	ldr	r3, [pc, #8]	; (b422c <hal_usart_available_data_for_write+0xc>)
   b4224:	681b      	ldr	r3, [r3, #0]
   b4226:	6a9b      	ldr	r3, [r3, #40]	; 0x28
   b4228:	9301      	str	r3, [sp, #4]
   b422a:	bd08      	pop	{r3, pc}
   b422c:	0003023c 	.word	0x0003023c

000b4230 <hal_usart_begin_config>:
#define BASE_IDX2 (BASE_IDX+13)
#else
#define BASE_IDX2 (BASE_IDX+11)
#endif

DYNALIB_FN(BASE_IDX2 + 0, hal_usart, hal_usart_begin_config, void(hal_usart_interface_t serial, uint32_t baud, uint32_t config, void *ptr))
   b4230:	b508      	push	{r3, lr}
   b4232:	4b02      	ldr	r3, [pc, #8]	; (b423c <hal_usart_begin_config+0xc>)
   b4234:	681b      	ldr	r3, [r3, #0]
   b4236:	6adb      	ldr	r3, [r3, #44]	; 0x2c
   b4238:	9301      	str	r3, [sp, #4]
   b423a:	bd08      	pop	{r3, pc}
   b423c:	0003023c 	.word	0x0003023c

000b4240 <hal_usart_init_ex>:
DYNALIB_FN(BASE_IDX2 + 1, hal_usart, hal_usart_write_nine_bits, uint32_t(hal_usart_interface_t serial, uint16_t data))
DYNALIB_FN(BASE_IDX2 + 2, hal_usart, hal_usart_send_break, void(hal_usart_interface_t, void*))
DYNALIB_FN(BASE_IDX2 + 3, hal_usart, hal_usart_break_detected, uint8_t(hal_usart_interface_t))
DYNALIB_FN(BASE_IDX2 + 4, hal_usart, hal_usart_sleep, int(hal_usart_interface_t serial, bool, void*))
DYNALIB_FN(BASE_IDX2 + 5, hal_usart, hal_usart_init_ex, int(hal_usart_interface_t, const hal_usart_buffer_config_t*, void*))
   b4240:	b508      	push	{r3, lr}
   b4242:	4b02      	ldr	r3, [pc, #8]	; (b424c <hal_usart_init_ex+0xc>)
   b4244:	681b      	ldr	r3, [r3, #0]
   b4246:	6c1b      	ldr	r3, [r3, #64]	; 0x40
   b4248:	9301      	str	r3, [sp, #4]
   b424a:	bd08      	pop	{r3, pc}
   b424c:	0003023c 	.word	0x0003023c

000b4250 <HAL_USB_USART_Init>:
// GNINRAW

DYNALIB_BEGIN(hal_usb)

#ifdef USB_CDC_ENABLE
DYNALIB_FN(0, hal_usb, HAL_USB_USART_Init, void(HAL_USB_USART_Serial, const HAL_USB_USART_Config*))
   b4250:	b508      	push	{r3, lr}
   b4252:	4b02      	ldr	r3, [pc, #8]	; (b425c <HAL_USB_USART_Init+0xc>)
   b4254:	681b      	ldr	r3, [r3, #0]
   b4256:	681b      	ldr	r3, [r3, #0]
   b4258:	9301      	str	r3, [sp, #4]
   b425a:	bd08      	pop	{r3, pc}
   b425c:	0003024c 	.word	0x0003024c

000b4260 <HAL_USB_USART_Begin>:
DYNALIB_FN(1, hal_usb, HAL_USB_USART_Begin, void(HAL_USB_USART_Serial, uint32_t, void *))
   b4260:	b508      	push	{r3, lr}
   b4262:	4b02      	ldr	r3, [pc, #8]	; (b426c <HAL_USB_USART_Begin+0xc>)
   b4264:	681b      	ldr	r3, [r3, #0]
   b4266:	685b      	ldr	r3, [r3, #4]
   b4268:	9301      	str	r3, [sp, #4]
   b426a:	bd08      	pop	{r3, pc}
   b426c:	0003024c 	.word	0x0003024c

000b4270 <HAL_USB_USART_Available_Data>:
DYNALIB_FN(2, hal_usb, HAL_USB_USART_End, void(HAL_USB_USART_Serial))
DYNALIB_FN(3, hal_usb, HAL_USB_USART_Baud_Rate, unsigned int(HAL_USB_USART_Serial))
DYNALIB_FN(4, hal_usb, HAL_USB_USART_Available_Data, int32_t(HAL_USB_USART_Serial))
   b4270:	b508      	push	{r3, lr}
   b4272:	4b02      	ldr	r3, [pc, #8]	; (b427c <HAL_USB_USART_Available_Data+0xc>)
   b4274:	681b      	ldr	r3, [r3, #0]
   b4276:	691b      	ldr	r3, [r3, #16]
   b4278:	9301      	str	r3, [sp, #4]
   b427a:	bd08      	pop	{r3, pc}
   b427c:	0003024c 	.word	0x0003024c

000b4280 <HAL_USB_USART_Available_Data_For_Write>:
DYNALIB_FN(5, hal_usb, HAL_USB_USART_Available_Data_For_Write, int32_t(HAL_USB_USART_Serial))
   b4280:	b508      	push	{r3, lr}
   b4282:	4b02      	ldr	r3, [pc, #8]	; (b428c <HAL_USB_USART_Available_Data_For_Write+0xc>)
   b4284:	681b      	ldr	r3, [r3, #0]
   b4286:	695b      	ldr	r3, [r3, #20]
   b4288:	9301      	str	r3, [sp, #4]
   b428a:	bd08      	pop	{r3, pc}
   b428c:	0003024c 	.word	0x0003024c

000b4290 <HAL_USB_USART_Receive_Data>:
DYNALIB_FN(6, hal_usb, HAL_USB_USART_Receive_Data, int32_t(HAL_USB_USART_Serial, uint8_t))
   b4290:	b508      	push	{r3, lr}
   b4292:	4b02      	ldr	r3, [pc, #8]	; (b429c <HAL_USB_USART_Receive_Data+0xc>)
   b4294:	681b      	ldr	r3, [r3, #0]
   b4296:	699b      	ldr	r3, [r3, #24]
   b4298:	9301      	str	r3, [sp, #4]
   b429a:	bd08      	pop	{r3, pc}
   b429c:	0003024c 	.word	0x0003024c

000b42a0 <HAL_USB_USART_Send_Data>:
DYNALIB_FN(7, hal_usb, HAL_USB_USART_Send_Data, int32_t(HAL_USB_USART_Serial, uint8_t))
   b42a0:	b508      	push	{r3, lr}
   b42a2:	4b02      	ldr	r3, [pc, #8]	; (b42ac <HAL_USB_USART_Send_Data+0xc>)
   b42a4:	681b      	ldr	r3, [r3, #0]
   b42a6:	69db      	ldr	r3, [r3, #28]
   b42a8:	9301      	str	r3, [sp, #4]
   b42aa:	bd08      	pop	{r3, pc}
   b42ac:	0003024c 	.word	0x0003024c

000b42b0 <HAL_USB_USART_Flush_Data>:
DYNALIB_FN(8, hal_usb, HAL_USB_USART_Flush_Data, void(HAL_USB_USART_Serial))
   b42b0:	b508      	push	{r3, lr}
   b42b2:	4b02      	ldr	r3, [pc, #8]	; (b42bc <HAL_USB_USART_Flush_Data+0xc>)
   b42b4:	681b      	ldr	r3, [r3, #0]
   b42b6:	6a1b      	ldr	r3, [r3, #32]
   b42b8:	9301      	str	r3, [sp, #4]
   b42ba:	bd08      	pop	{r3, pc}
   b42bc:	0003024c 	.word	0x0003024c

000b42c0 <HAL_USB_USART_Is_Connected>:
DYNALIB_FN(9, hal_usb, HAL_USB_USART_Is_Enabled, bool(HAL_USB_USART_Serial))
DYNALIB_FN(10, hal_usb, HAL_USB_USART_Is_Connected, bool(HAL_USB_USART_Serial))
   b42c0:	b508      	push	{r3, lr}
   b42c2:	4b02      	ldr	r3, [pc, #8]	; (b42cc <HAL_USB_USART_Is_Connected+0xc>)
   b42c4:	681b      	ldr	r3, [r3, #0]
   b42c6:	6a9b      	ldr	r3, [r3, #40]	; 0x28
   b42c8:	9301      	str	r3, [sp, #4]
   b42ca:	bd08      	pop	{r3, pc}
   b42cc:	0003024c 	.word	0x0003024c

000b42d0 <set_system_mode>:
#endif

DYNALIB_BEGIN(system)

DYNALIB_FN(0, system, system_mode, System_Mode_TypeDef(void))
DYNALIB_FN(1, system, set_system_mode, void(System_Mode_TypeDef))
   b42d0:	b508      	push	{r3, lr}
   b42d2:	4b02      	ldr	r3, [pc, #8]	; (b42dc <set_system_mode+0xc>)
   b42d4:	681b      	ldr	r3, [r3, #0]
   b42d6:	685b      	ldr	r3, [r3, #4]
   b42d8:	9301      	str	r3, [sp, #4]
   b42da:	bd08      	pop	{r3, pc}
   b42dc:	00030220 	.word	0x00030220

000b42e0 <system_thread_set_state>:
DYNALIB_FN(6, system, system_sleep, int(Spark_Sleep_TypeDef, long, uint32_t, void*))
DYNALIB_FN(7, system, system_sleep_pin, int(uint16_t, uint16_t, long, uint32_t, void*))
DYNALIB_FN(8, system, system_subscribe_event, int(system_event_t, system_event_handler_t*, SystemEventContext*))
DYNALIB_FN(9, system, system_unsubscribe_event, void(system_event_t, system_event_handler_t*, const SystemEventContext*))
DYNALIB_FN(10, system, system_button_pushed_duration, uint16_t(uint8_t, void*))
DYNALIB_FN(11, system, system_thread_set_state, void(spark::feature::State, void*))
   b42e0:	b508      	push	{r3, lr}
   b42e2:	4b02      	ldr	r3, [pc, #8]	; (b42ec <system_thread_set_state+0xc>)
   b42e4:	681b      	ldr	r3, [r3, #0]
   b42e6:	6adb      	ldr	r3, [r3, #44]	; 0x2c
   b42e8:	9301      	str	r3, [sp, #4]
   b42ea:	bd08      	pop	{r3, pc}
   b42ec:	00030220 	.word	0x00030220

000b42f0 <system_ctrl_set_app_request_handler>:
DYNALIB_FN(BASE_IDX + 6, system, led_pattern_period, uint16_t(int, int, void*))
DYNALIB_FN(BASE_IDX + 7, system, system_set_tester_handlers, int(system_tester_handlers_t*, void*))
DYNALIB_FN(BASE_IDX + 8, system, system_format_diag_data, int(const uint16_t*, size_t, unsigned, appender_fn, void*, void*))

// Control requests
DYNALIB_FN(BASE_IDX + 9, system, system_ctrl_set_app_request_handler, int(ctrl_request_handler_fn, void*))
   b42f0:	b508      	push	{r3, lr}
   b42f2:	4b03      	ldr	r3, [pc, #12]	; (b4300 <system_ctrl_set_app_request_handler+0x10>)
   b42f4:	681b      	ldr	r3, [r3, #0]
   b42f6:	f8d3 3088 	ldr.w	r3, [r3, #136]	; 0x88
   b42fa:	9301      	str	r3, [sp, #4]
   b42fc:	bd08      	pop	{r3, pc}
   b42fe:	0000      	.short	0x0000
   b4300:	00030220 	.word	0x00030220

000b4304 <system_ctrl_set_result>:
DYNALIB_FN(BASE_IDX + 10, system, system_ctrl_alloc_reply_data, int(ctrl_request*, size_t, void*))
DYNALIB_FN(BASE_IDX + 11, system, system_ctrl_free_request_data, void(ctrl_request*, void*))
DYNALIB_FN(BASE_IDX + 12, system, system_ctrl_set_result, void(ctrl_request*, int, ctrl_completion_handler_fn, void*, void*))
   b4304:	b508      	push	{r3, lr}
   b4306:	4b03      	ldr	r3, [pc, #12]	; (b4314 <system_ctrl_set_result+0x10>)
   b4308:	681b      	ldr	r3, [r3, #0]
   b430a:	f8d3 3094 	ldr.w	r3, [r3, #148]	; 0x94
   b430e:	9301      	str	r3, [sp, #4]
   b4310:	bd08      	pop	{r3, pc}
   b4312:	0000      	.short	0x0000
   b4314:	00030220 	.word	0x00030220

000b4318 <spark_set_random_seed_from_cloud_handler>:
DYNALIB_FN(10, system_cloud, spark_unsubscribe, void(void*))
DYNALIB_FN(11, system_cloud, spark_sync_time, bool(void*))
DYNALIB_FN(12, system_cloud, spark_sync_time_pending, bool(void*))
DYNALIB_FN(13, system_cloud, spark_sync_time_last, system_tick_t(time32_t*, time_t*))
DYNALIB_FN(14, system_cloud, spark_set_connection_property, int(unsigned, unsigned, const void*, void*))
DYNALIB_FN(15, system_cloud, spark_set_random_seed_from_cloud_handler, int(void (*handler)(unsigned int), void*))
   b4318:	b508      	push	{r3, lr}
   b431a:	4b02      	ldr	r3, [pc, #8]	; (b4324 <spark_set_random_seed_from_cloud_handler+0xc>)
   b431c:	681b      	ldr	r3, [r3, #0]
   b431e:	6bdb      	ldr	r3, [r3, #60]	; 0x3c
   b4320:	9301      	str	r3, [sp, #4]
   b4322:	bd08      	pop	{r3, pc}
   b4324:	00030244 	.word	0x00030244

000b4328 <network_connect>:
#endif

DYNALIB_BEGIN(system_net)

DYNALIB_FN(0, system_net, network_config, const void*(network_handle_t, uint32_t, void*))
DYNALIB_FN(1, system_net, network_connect, void(network_handle_t, uint32_t, uint32_t, void*))
   b4328:	b508      	push	{r3, lr}
   b432a:	4b02      	ldr	r3, [pc, #8]	; (b4334 <network_connect+0xc>)
   b432c:	681b      	ldr	r3, [r3, #0]
   b432e:	685b      	ldr	r3, [r3, #4]
   b4330:	9301      	str	r3, [sp, #4]
   b4332:	bd08      	pop	{r3, pc}
   b4334:	00030240 	.word	0x00030240

000b4338 <network_connecting>:
DYNALIB_FN(2, system_net, network_connecting, bool(network_handle_t, uint32_t, void*))
   b4338:	b508      	push	{r3, lr}
   b433a:	4b02      	ldr	r3, [pc, #8]	; (b4344 <network_connecting+0xc>)
   b433c:	681b      	ldr	r3, [r3, #0]
   b433e:	689b      	ldr	r3, [r3, #8]
   b4340:	9301      	str	r3, [sp, #4]
   b4342:	bd08      	pop	{r3, pc}
   b4344:	00030240 	.word	0x00030240

000b4348 <network_disconnect>:
DYNALIB_FN(3, system_net, network_disconnect, void(network_handle_t, uint32_t, void*))
   b4348:	b508      	push	{r3, lr}
   b434a:	4b02      	ldr	r3, [pc, #8]	; (b4354 <network_disconnect+0xc>)
   b434c:	681b      	ldr	r3, [r3, #0]
   b434e:	68db      	ldr	r3, [r3, #12]
   b4350:	9301      	str	r3, [sp, #4]
   b4352:	bd08      	pop	{r3, pc}
   b4354:	00030240 	.word	0x00030240

000b4358 <network_ready>:
DYNALIB_FN(4, system_net, network_ready, bool(network_handle_t, uint32_t, void*))
   b4358:	b508      	push	{r3, lr}
   b435a:	4b02      	ldr	r3, [pc, #8]	; (b4364 <network_ready+0xc>)
   b435c:	681b      	ldr	r3, [r3, #0]
   b435e:	691b      	ldr	r3, [r3, #16]
   b4360:	9301      	str	r3, [sp, #4]
   b4362:	bd08      	pop	{r3, pc}
   b4364:	00030240 	.word	0x00030240

000b4368 <network_on>:
DYNALIB_FN(5, system_net, network_on, void(network_handle_t, uint32_t, uint32_t, void*))
   b4368:	b508      	push	{r3, lr}
   b436a:	4b02      	ldr	r3, [pc, #8]	; (b4374 <network_on+0xc>)
   b436c:	681b      	ldr	r3, [r3, #0]
   b436e:	695b      	ldr	r3, [r3, #20]
   b4370:	9301      	str	r3, [sp, #4]
   b4372:	bd08      	pop	{r3, pc}
   b4374:	00030240 	.word	0x00030240

000b4378 <network_off>:
DYNALIB_FN(6, system_net, network_off, void(network_handle_t, uint32_t, uint32_t, void*))
   b4378:	b508      	push	{r3, lr}
   b437a:	4b02      	ldr	r3, [pc, #8]	; (b4384 <network_off+0xc>)
   b437c:	681b      	ldr	r3, [r3, #0]
   b437e:	699b      	ldr	r3, [r3, #24]
   b4380:	9301      	str	r3, [sp, #4]
   b4382:	bd08      	pop	{r3, pc}
   b4384:	00030240 	.word	0x00030240

000b4388 <network_listen>:
DYNALIB_FN(7, system_net, network_listen, void(network_handle_t, uint32_t, void*))
   b4388:	b508      	push	{r3, lr}
   b438a:	4b02      	ldr	r3, [pc, #8]	; (b4394 <network_listen+0xc>)
   b438c:	681b      	ldr	r3, [r3, #0]
   b438e:	69db      	ldr	r3, [r3, #28]
   b4390:	9301      	str	r3, [sp, #4]
   b4392:	bd08      	pop	{r3, pc}
   b4394:	00030240 	.word	0x00030240

000b4398 <network_listening>:
DYNALIB_FN(8, system_net, network_listening, bool(network_handle_t, uint32_t, void*))
   b4398:	b508      	push	{r3, lr}
   b439a:	4b02      	ldr	r3, [pc, #8]	; (b43a4 <network_listening+0xc>)
   b439c:	681b      	ldr	r3, [r3, #0]
   b439e:	6a1b      	ldr	r3, [r3, #32]
   b43a0:	9301      	str	r3, [sp, #4]
   b43a2:	bd08      	pop	{r3, pc}
   b43a4:	00030240 	.word	0x00030240

000b43a8 <network_set_listen_timeout>:
DYNALIB_FN(9, system_net, network_has_credentials, bool(network_handle_t, uint32_t, void*))
DYNALIB_FN(10, system_net, network_set_credentials, int(network_handle_t, uint32_t, NetworkCredentials*, void*))
DYNALIB_FN(11, system_net, network_clear_credentials, bool(network_handle_t, uint32_t, NetworkCredentials*, void*))
DYNALIB_FN(12, system_net, network_set_listen_timeout, void(network_handle_t, uint16_t, void*))
   b43a8:	b508      	push	{r3, lr}
   b43aa:	4b02      	ldr	r3, [pc, #8]	; (b43b4 <network_set_listen_timeout+0xc>)
   b43ac:	681b      	ldr	r3, [r3, #0]
   b43ae:	6b1b      	ldr	r3, [r3, #48]	; 0x30
   b43b0:	9301      	str	r3, [sp, #4]
   b43b2:	bd08      	pop	{r3, pc}
   b43b4:	00030240 	.word	0x00030240

000b43b8 <network_get_listen_timeout>:
DYNALIB_FN(13, system_net, network_get_listen_timeout, uint16_t(network_handle_t, uint32_t, void*))
   b43b8:	b508      	push	{r3, lr}
   b43ba:	4b02      	ldr	r3, [pc, #8]	; (b43c4 <network_get_listen_timeout+0xc>)
   b43bc:	681b      	ldr	r3, [r3, #0]
   b43be:	6b5b      	ldr	r3, [r3, #52]	; 0x34
   b43c0:	9301      	str	r3, [sp, #4]
   b43c2:	bd08      	pop	{r3, pc}
   b43c4:	00030240 	.word	0x00030240

000b43c8 <network_is_on>:
DYNALIB_FN(14, system_net, network_set_hostname, int(network_handle_t, uint32_t, const char*, void*))
DYNALIB_FN(15, system_net, network_get_hostname, int(network_handle_t, uint32_t, char*, size_t, void*))
DYNALIB_FN(16, system_net, network_is_on, bool(network_handle_t, void*))
   b43c8:	b508      	push	{r3, lr}
   b43ca:	4b02      	ldr	r3, [pc, #8]	; (b43d4 <network_is_on+0xc>)
   b43cc:	681b      	ldr	r3, [r3, #0]
   b43ce:	6c1b      	ldr	r3, [r3, #64]	; 0x40
   b43d0:	9301      	str	r3, [sp, #4]
   b43d2:	bd08      	pop	{r3, pc}
   b43d4:	00030240 	.word	0x00030240

000b43d8 <network_is_off>:
DYNALIB_FN(17, system_net, network_is_off, bool(network_handle_t, void*))
   b43d8:	b508      	push	{r3, lr}
   b43da:	4b02      	ldr	r3, [pc, #8]	; (b43e4 <network_is_off+0xc>)
   b43dc:	681b      	ldr	r3, [r3, #0]
   b43de:	6c5b      	ldr	r3, [r3, #68]	; 0x44
   b43e0:	9301      	str	r3, [sp, #4]
   b43e2:	bd08      	pop	{r3, pc}
   b43e4:	00030240 	.word	0x00030240

000b43e8 <malloc>:
#include "hal_platform.h"
#endif // defined(DYNALIB_EXPORT) || (defined(DYNALIB_IMPORT) && !defined(RT_DYNALIB_NO_DEPENDENCY_BREAKING_IMPORTS))

DYNALIB_BEGIN(rt)

DYNALIB_FN(0, rt, malloc, void*(size_t))
   b43e8:	b508      	push	{r3, lr}
   b43ea:	4b02      	ldr	r3, [pc, #8]	; (b43f4 <malloc+0xc>)
   b43ec:	681b      	ldr	r3, [r3, #0]
   b43ee:	681b      	ldr	r3, [r3, #0]
   b43f0:	9301      	str	r3, [sp, #4]
   b43f2:	bd08      	pop	{r3, pc}
   b43f4:	0003021c 	.word	0x0003021c

000b43f8 <free>:
DYNALIB_FN(1, rt, free, void(void*))
   b43f8:	b508      	push	{r3, lr}
   b43fa:	4b02      	ldr	r3, [pc, #8]	; (b4404 <free+0xc>)
   b43fc:	681b      	ldr	r3, [r3, #0]
   b43fe:	685b      	ldr	r3, [r3, #4]
   b4400:	9301      	str	r3, [sp, #4]
   b4402:	bd08      	pop	{r3, pc}
   b4404:	0003021c 	.word	0x0003021c

000b4408 <__assert_func>:
DYNALIB_FN(13, rt, _free_r, void(struct _reent*, void*))
DYNALIB_FN(14, rt, _realloc_r, void*(struct _reent*, void*, size_t))
DYNALIB_FN(15, rt, __errno, int*())

#if defined(DYNALIB_EXPORT) || (defined(DYNALIB_IMPORT) && !defined(RT_DYNALIB_NO_DEPENDENCY_BREAKING_IMPORTS))
DYNALIB_FN(16, rt, __assert_func, void(const char*, int, const char*, const char*))
   b4408:	b508      	push	{r3, lr}
   b440a:	4b02      	ldr	r3, [pc, #8]	; (b4414 <__assert_func+0xc>)
   b440c:	681b      	ldr	r3, [r3, #0]
   b440e:	6c1b      	ldr	r3, [r3, #64]	; 0x40
   b4410:	9301      	str	r3, [sp, #4]
   b4412:	bd08      	pop	{r3, pc}
   b4414:	0003021c 	.word	0x0003021c

000b4418 <newlib_impure_ptr_callback>:
DYNALIB_FN(17, rt, newlib_impure_ptr_callback, void(void (*)(struct _reent*, size_t, uint32_t, void*), void*))
   b4418:	b508      	push	{r3, lr}
   b441a:	4b02      	ldr	r3, [pc, #8]	; (b4424 <newlib_impure_ptr_callback+0xc>)
   b441c:	681b      	ldr	r3, [r3, #0]
   b441e:	6c5b      	ldr	r3, [r3, #68]	; 0x44
   b4420:	9301      	str	r3, [sp, #4]
   b4422:	bd08      	pop	{r3, pc}
   b4424:	0003021c 	.word	0x0003021c

000b4428 <_GLOBAL__sub_I__ZN8particle3ble13WiringBleLock6mutex_E>:
    /**
     * Creates a shared mutex.
     */
    RecursiveMutex(os_mutex_recursive_t handle) : handle_(handle) {}

    RecursiveMutex() : handle_(nullptr)
   b4428:	4802      	ldr	r0, [pc, #8]	; (b4434 <_GLOBAL__sub_I__ZN8particle3ble13WiringBleLock6mutex_E+0xc>)
   b442a:	2300      	movs	r3, #0
   b442c:	6003      	str	r3, [r0, #0]
    {
        os_mutex_recursive_create(&handle_);
   b442e:	f7ff be9f 	b.w	b4170 <os_mutex_recursive_create>
   b4432:	bf00      	nop
   b4434:	2003e6dc 	.word	0x2003e6dc

000b4438 <_ZN5spark13EthernetClass9listeningEv>:
    uint16_t getListenTimeout(void) {
        return network_get_listen_timeout(*this, 0, NULL);
    }

    bool listening(void) {
        return network_listening(*this, 0, NULL);
   b4438:	2200      	movs	r2, #0
   b443a:	6840      	ldr	r0, [r0, #4]
   b443c:	4611      	mov	r1, r2
   b443e:	f7ff bfab 	b.w	b4398 <network_listening>

000b4442 <_ZN5spark13EthernetClass16getListenTimeoutEv>:
        return network_get_listen_timeout(*this, 0, NULL);
   b4442:	2200      	movs	r2, #0
   b4444:	6840      	ldr	r0, [r0, #4]
   b4446:	4611      	mov	r1, r2
   b4448:	f7ff bfb6 	b.w	b43b8 <network_get_listen_timeout>

000b444c <_ZN5spark13EthernetClass16setListenTimeoutEt>:
        network_set_listen_timeout(*this, timeout, NULL);
   b444c:	6840      	ldr	r0, [r0, #4]
   b444e:	2200      	movs	r2, #0
   b4450:	f7ff bfaa 	b.w	b43a8 <network_set_listen_timeout>

000b4454 <_ZN5spark13EthernetClass6listenEb>:
        network_listen(*this, begin ? 0 : 1, NULL);
   b4454:	6840      	ldr	r0, [r0, #4]
   b4456:	2200      	movs	r2, #0
   b4458:	f081 0101 	eor.w	r1, r1, #1
   b445c:	f7ff bf94 	b.w	b4388 <network_listen>

000b4460 <_ZN5spark13EthernetClass3offEv>:
        network_off(*this, 0, 0, NULL);
   b4460:	2300      	movs	r3, #0
   b4462:	6840      	ldr	r0, [r0, #4]
   b4464:	461a      	mov	r2, r3
   b4466:	4619      	mov	r1, r3
   b4468:	f7ff bf86 	b.w	b4378 <network_off>

000b446c <_ZN5spark13EthernetClass2onEv>:
        network_on(*this, 0, 0, NULL);
   b446c:	2300      	movs	r3, #0
   b446e:	6840      	ldr	r0, [r0, #4]
   b4470:	461a      	mov	r2, r3
   b4472:	4619      	mov	r1, r3
   b4474:	f7ff bf78 	b.w	b4368 <network_on>

000b4478 <_ZN5spark13EthernetClass5readyEv>:
    }

    bool ready() {
        return network_ready(*this, 0,  NULL);
   b4478:	2200      	movs	r2, #0
   b447a:	6840      	ldr	r0, [r0, #4]
   b447c:	4611      	mov	r1, r2
   b447e:	f7ff bf6b 	b.w	b4358 <network_ready>

000b4482 <_ZN5spark13EthernetClass10connectingEv>:
        return network_connecting(*this, 0, NULL);
   b4482:	2200      	movs	r2, #0
   b4484:	6840      	ldr	r0, [r0, #4]
   b4486:	4611      	mov	r1, r2
   b4488:	f7ff bf56 	b.w	b4338 <network_connecting>

000b448c <_ZN5spark13EthernetClass10disconnectEv>:
        network_disconnect(*this, NETWORK_DISCONNECT_REASON_USER, NULL);
   b448c:	6840      	ldr	r0, [r0, #4]
   b448e:	2200      	movs	r2, #0
   b4490:	2102      	movs	r1, #2
   b4492:	f7ff bf59 	b.w	b4348 <network_disconnect>

000b4496 <_ZN5spark13EthernetClass7connectEj>:
        network_connect(*this, flags, 0, NULL);
   b4496:	2300      	movs	r3, #0
   b4498:	6840      	ldr	r0, [r0, #4]
   b449a:	461a      	mov	r2, r3
   b449c:	f7ff bf44 	b.w	b4328 <network_connect>

000b44a0 <_GLOBAL__sub_I__ZN5spark8EthernetE>:
    static NetworkClass& from(network_interface_t nif);

    virtual IPAddress resolve(const char* name);

    explicit NetworkClass(network_interface_t iface)
            : iface_(iface) {
   b44a0:	4b02      	ldr	r3, [pc, #8]	; (b44ac <_GLOBAL__sub_I__ZN5spark8EthernetE+0xc>)
   b44a2:	2203      	movs	r2, #3
   b44a4:	605a      	str	r2, [r3, #4]
            NetworkClass(NETWORK_INTERFACE_ETHERNET) {
   b44a6:	4a02      	ldr	r2, [pc, #8]	; (b44b0 <_GLOBAL__sub_I__ZN5spark8EthernetE+0x10>)
   b44a8:	601a      	str	r2, [r3, #0]

namespace spark {

EthernetClass Ethernet;

} // spark
   b44aa:	4770      	bx	lr
   b44ac:	2003e6e0 	.word	0x2003e6e0
   b44b0:	000b4db8 	.word	0x000b4db8

000b44b4 <_ZN9IPAddressD1Ev>:
    IPAddress(uint32_t address);
    // 4 bytes defining the IP address in network order
    IPAddress(const uint8_t* address);
    IPAddress(const HAL_IPAddress& address);

    virtual ~IPAddress() {}
   b44b4:	4770      	bx	lr

000b44b6 <_ZN9IPAddressD0Ev>:
   b44b6:	b510      	push	{r4, lr}
   b44b8:	2118      	movs	r1, #24
   b44ba:	4604      	mov	r4, r0
   b44bc:	f7ff fdf3 	bl	b40a6 <_ZdlPvj>
   b44c0:	4620      	mov	r0, r4
   b44c2:	bd10      	pop	{r4, pc}

000b44c4 <_ZNK9IPAddress7printToER5Print>:
#endif // Wiring_IPv6
	return address.ipv4==that.address.ipv4;
}

size_t IPAddress::printTo(Print& p) const
{
   b44c4:	b5f0      	push	{r4, r5, r6, r7, lr}
#if Wiring_IPv6
#if HAL_USE_INET_HAL_POSIX
	if (address.v==6) {
   b44c6:	7d03      	ldrb	r3, [r0, #20]
   b44c8:	2b06      	cmp	r3, #6
{
   b44ca:	b08d      	sub	sp, #52	; 0x34
   b44cc:	460e      	mov	r6, r1
		char buf[INET6_ADDRSTRLEN+1];
		buf[0] = 0;
		inet_inet_ntop(AF_INET6, address.ipv6, buf, sizeof(buf));
   b44ce:	f100 0704 	add.w	r7, r0, #4
   b44d2:	f04f 0400 	mov.w	r4, #0
	if (address.v==6) {
   b44d6:	d012      	beq.n	b44fe <_ZNK9IPAddress7printToER5Print+0x3a>
   b44d8:	f100 0508 	add.w	r5, r0, #8
            val = n;
        }
#if __GNUC__ >= 9
#pragma GCC diagnostic pop
#endif // __GNUC__ >= 9
        return printNumber(val, base) + t;
   b44dc:	f815 1d01 	ldrb.w	r1, [r5, #-1]!
   b44e0:	220a      	movs	r2, #10
   b44e2:	4630      	mov	r0, r6
   b44e4:	f000 f959 	bl	b479a <_ZN5Print11printNumberEmh>
#else
#pragma message "HAL_USE_INET_HAL_POSIX is required for IPv6 support in IPAddress::printTo()"
#endif // HAL_USE_INET_HAL_POSIX
#endif // Wiring_IPv6
    size_t n = 0;
    for (int i = 0; i < 4; i++)
   b44e8:	42af      	cmp	r7, r5
    {
        if (n)
            n += p.print('.');
        n += p.print((*this)[i], DEC);
   b44ea:	4404      	add	r4, r0
    for (int i = 0; i < 4; i++)
   b44ec:	d019      	beq.n	b4522 <_ZNK9IPAddress7printToER5Print+0x5e>
        if (n)
   b44ee:	2c00      	cmp	r4, #0
   b44f0:	d0f4      	beq.n	b44dc <_ZNK9IPAddress7printToER5Print+0x18>
            n += p.print('.');
   b44f2:	212e      	movs	r1, #46	; 0x2e
   b44f4:	4630      	mov	r0, r6
   b44f6:	f000 f937 	bl	b4768 <_ZN5Print5printEc>
   b44fa:	4404      	add	r4, r0
   b44fc:	e7ee      	b.n	b44dc <_ZNK9IPAddress7printToER5Print+0x18>
		inet_inet_ntop(AF_INET6, address.ipv6, buf, sizeof(buf));
   b44fe:	232f      	movs	r3, #47	; 0x2f
   b4500:	466a      	mov	r2, sp
   b4502:	4639      	mov	r1, r7
   b4504:	200a      	movs	r0, #10
		buf[0] = 0;
   b4506:	f88d 4000 	strb.w	r4, [sp]
		inet_inet_ntop(AF_INET6, address.ipv6, buf, sizeof(buf));
   b450a:	f7ff fe49 	bl	b41a0 <inet_inet_ntop>
      return write((const uint8_t *)str, strlen(str));
   b450e:	4668      	mov	r0, sp
   b4510:	f7ff fd84 	bl	b401c <strlen>
   b4514:	6833      	ldr	r3, [r6, #0]
   b4516:	4602      	mov	r2, r0
   b4518:	68db      	ldr	r3, [r3, #12]
   b451a:	4669      	mov	r1, sp
   b451c:	4630      	mov	r0, r6
   b451e:	4798      	blx	r3
   b4520:	4604      	mov	r4, r0
    }
    return n;
}
   b4522:	4620      	mov	r0, r4
   b4524:	b00d      	add	sp, #52	; 0x34
   b4526:	bdf0      	pop	{r4, r5, r6, r7, pc}

000b4528 <_ZN9IPAddressC1Ev>:
IPAddress::IPAddress()
   b4528:	b510      	push	{r4, lr}
   b452a:	4b05      	ldr	r3, [pc, #20]	; (b4540 <_ZN9IPAddressC1Ev+0x18>)
   b452c:	4604      	mov	r4, r0
        return address;
    }

    virtual size_t printTo(Print& p) const;

    void clear() { memset(&address, 0, sizeof (address)); }
   b452e:	2211      	movs	r2, #17
   b4530:	f840 3b04 	str.w	r3, [r0], #4
   b4534:	2100      	movs	r1, #0
   b4536:	f000 fb83 	bl	b4c40 <memset>
}
   b453a:	4620      	mov	r0, r4
   b453c:	bd10      	pop	{r4, pc}
   b453e:	bf00      	nop
   b4540:	000b4df4 	.word	0x000b4df4

000b4544 <_ZN9IPAddressC1ERK16_HAL_IPAddress_t>:
IPAddress::IPAddress(const HAL_IPAddress& address)
   b4544:	4603      	mov	r3, r0
   b4546:	4a07      	ldr	r2, [pc, #28]	; (b4564 <_ZN9IPAddressC1ERK16_HAL_IPAddress_t+0x20>)
   b4548:	b510      	push	{r4, lr}
   b454a:	f843 2b04 	str.w	r2, [r3], #4
    memcpy(&this->address, &address, sizeof(address));
   b454e:	f101 0210 	add.w	r2, r1, #16
   b4552:	f851 4b04 	ldr.w	r4, [r1], #4
   b4556:	f843 4b04 	str.w	r4, [r3], #4
   b455a:	4291      	cmp	r1, r2
   b455c:	d1f9      	bne.n	b4552 <_ZN9IPAddressC1ERK16_HAL_IPAddress_t+0xe>
   b455e:	780a      	ldrb	r2, [r1, #0]
   b4560:	701a      	strb	r2, [r3, #0]
}
   b4562:	bd10      	pop	{r4, pc}
   b4564:	000b4df4 	.word	0x000b4df4

000b4568 <_ZN9IPAddress8set_ipv4Ehhhh>:
{
   b4568:	b510      	push	{r4, lr}
    address.ipv4 = b0<<24 | b1 << 16 | b2 << 8 | b3;
   b456a:	f89d 4008 	ldrb.w	r4, [sp, #8]
   b456e:	ea44 2303 	orr.w	r3, r4, r3, lsl #8
   b4572:	ea43 4202 	orr.w	r2, r3, r2, lsl #16
   b4576:	ea42 6101 	orr.w	r1, r2, r1, lsl #24
        address.v = version;
   b457a:	2304      	movs	r3, #4
   b457c:	6041      	str	r1, [r0, #4]
   b457e:	7503      	strb	r3, [r0, #20]
}
   b4580:	bd10      	pop	{r4, pc}
	...

000b4584 <_ZN9IPAddressC1EPKh>:
IPAddress::IPAddress(const uint8_t* addr)
   b4584:	b507      	push	{r0, r1, r2, lr}
   b4586:	4b06      	ldr	r3, [pc, #24]	; (b45a0 <_ZN9IPAddressC1EPKh+0x1c>)
   b4588:	6003      	str	r3, [r0, #0]
    set_ipv4(addr[0], addr[1], addr[2], addr[3]);
   b458a:	78cb      	ldrb	r3, [r1, #3]
   b458c:	9300      	str	r3, [sp, #0]
   b458e:	788b      	ldrb	r3, [r1, #2]
   b4590:	784a      	ldrb	r2, [r1, #1]
   b4592:	7809      	ldrb	r1, [r1, #0]
   b4594:	f7ff ffe8 	bl	b4568 <_ZN9IPAddress8set_ipv4Ehhhh>
}
   b4598:	b003      	add	sp, #12
   b459a:	f85d fb04 	ldr.w	pc, [sp], #4
   b459e:	bf00      	nop
   b45a0:	000b4df4 	.word	0x000b4df4

000b45a4 <_GLOBAL__sub_I__ZN5spark3LogE>:
    // This handler doesn't support direct logging
}

// spark::Logger
inline spark::Logger::Logger(const char *name) :
        name_(name) {
   b45a4:	4b01      	ldr	r3, [pc, #4]	; (b45ac <_GLOBAL__sub_I__ZN5spark3LogE+0x8>)
   b45a6:	4a02      	ldr	r2, [pc, #8]	; (b45b0 <_GLOBAL__sub_I__ZN5spark3LogE+0xc>)
   b45a8:	601a      	str	r2, [r3, #0]
#if Wiring_LogConfig

// spark::
void spark::logProcessControlRequest(ctrl_request* req) {
    JSONRequestHandler::process(req);
}
   b45aa:	4770      	bx	lr
   b45ac:	2003e6e8 	.word	0x2003e6e8
   b45b0:	000b4e00 	.word	0x000b4e00

000b45b4 <_ZN5spark12NetworkClass7connectEj>:
        return Network;
    }
}

void NetworkClass::connect(unsigned flags) {
    network_connect(*this, flags, 0, nullptr);
   b45b4:	2300      	movs	r3, #0
   b45b6:	6840      	ldr	r0, [r0, #4]
   b45b8:	461a      	mov	r2, r3
   b45ba:	f7ff beb5 	b.w	b4328 <network_connect>

000b45be <_ZN5spark12NetworkClass10disconnectEv>:
}

void NetworkClass::disconnect() {
    network_disconnect(*this, NETWORK_DISCONNECT_REASON_USER, nullptr);
   b45be:	6840      	ldr	r0, [r0, #4]
   b45c0:	2200      	movs	r2, #0
   b45c2:	2102      	movs	r1, #2
   b45c4:	f7ff bec0 	b.w	b4348 <network_disconnect>

000b45c8 <_ZN5spark12NetworkClass10connectingEv>:
}

bool NetworkClass::connecting() {
    return network_connecting(*this, 0, nullptr);
   b45c8:	2200      	movs	r2, #0
   b45ca:	6840      	ldr	r0, [r0, #4]
   b45cc:	4611      	mov	r1, r2
   b45ce:	f7ff beb3 	b.w	b4338 <network_connecting>

000b45d2 <_ZN5spark12NetworkClass5readyEv>:
}

bool NetworkClass::ready() {
    return network_ready(*this, 0, nullptr);
   b45d2:	2200      	movs	r2, #0
   b45d4:	6840      	ldr	r0, [r0, #4]
   b45d6:	4611      	mov	r1, r2
   b45d8:	f7ff bebe 	b.w	b4358 <network_ready>

000b45dc <_ZN5spark12NetworkClass2onEv>:
}

void NetworkClass::on() {
    network_on(*this, 0, 0, nullptr);
   b45dc:	2300      	movs	r3, #0
   b45de:	6840      	ldr	r0, [r0, #4]
   b45e0:	461a      	mov	r2, r3
   b45e2:	4619      	mov	r1, r3
   b45e4:	f7ff bec0 	b.w	b4368 <network_on>

000b45e8 <_ZN5spark12NetworkClass3offEv>:
}

void NetworkClass::off() {
    network_off(*this, 0, 0, nullptr);
   b45e8:	2300      	movs	r3, #0
   b45ea:	6840      	ldr	r0, [r0, #4]
   b45ec:	461a      	mov	r2, r3
   b45ee:	4619      	mov	r1, r3
   b45f0:	f7ff bec2 	b.w	b4378 <network_off>

000b45f4 <_ZN5spark12NetworkClass4isOnEv>:
}

bool NetworkClass::isOn() {
    return network_is_on(*this, nullptr);
   b45f4:	6840      	ldr	r0, [r0, #4]
   b45f6:	2100      	movs	r1, #0
   b45f8:	f7ff bee6 	b.w	b43c8 <network_is_on>

000b45fc <_ZN5spark12NetworkClass5isOffEv>:
}

bool NetworkClass::isOff() {
    return network_is_off(*this, nullptr);
   b45fc:	6840      	ldr	r0, [r0, #4]
   b45fe:	2100      	movs	r1, #0
   b4600:	f7ff beea 	b.w	b43d8 <network_is_off>

000b4604 <_ZN5spark12NetworkClass6listenEb>:
}

void NetworkClass::listen(bool begin) {
    network_listen(*this, begin ? 0 : 1, nullptr);
   b4604:	6840      	ldr	r0, [r0, #4]
   b4606:	2200      	movs	r2, #0
   b4608:	f081 0101 	eor.w	r1, r1, #1
   b460c:	f7ff bebc 	b.w	b4388 <network_listen>

000b4610 <_ZN5spark12NetworkClass16setListenTimeoutEt>:
}

void NetworkClass::setListenTimeout(uint16_t timeout) {
    network_set_listen_timeout(*this, timeout, nullptr);
   b4610:	6840      	ldr	r0, [r0, #4]
   b4612:	2200      	movs	r2, #0
   b4614:	f7ff bec8 	b.w	b43a8 <network_set_listen_timeout>

000b4618 <_ZN5spark12NetworkClass16getListenTimeoutEv>:
}

uint16_t NetworkClass::getListenTimeout() {
    return network_get_listen_timeout(*this, 0, nullptr);
   b4618:	2200      	movs	r2, #0
   b461a:	6840      	ldr	r0, [r0, #4]
   b461c:	4611      	mov	r1, r2
   b461e:	f7ff becb 	b.w	b43b8 <network_get_listen_timeout>

000b4622 <_ZN5spark12NetworkClass9listeningEv>:
}

bool NetworkClass::listening() {
    return network_listening(*this, 0, nullptr);
   b4622:	2200      	movs	r2, #0
   b4624:	6840      	ldr	r0, [r0, #4]
   b4626:	4611      	mov	r1, r2
   b4628:	f7ff beb6 	b.w	b4398 <network_listening>

000b462c <_ZN5spark12NetworkClass7resolveEPKc>:
}

IPAddress NetworkClass::resolve(const char* name) {
   b462c:	e92d 43f0 	stmdb	sp!, {r4, r5, r6, r7, r8, r9, lr}
   b4630:	b095      	sub	sp, #84	; 0x54
   b4632:	4614      	mov	r4, r2
   b4634:	460d      	mov	r5, r1
   b4636:	4607      	mov	r7, r0
    IPAddress addr;
   b4638:	f7ff ff76 	bl	b4528 <_ZN9IPAddressC1Ev>
#if HAL_USE_INET_HAL_POSIX
    struct addrinfo *ai = nullptr;
   b463c:	2100      	movs	r1, #0
    struct addrinfo hints = {};
   b463e:	221c      	movs	r2, #28
   b4640:	a80d      	add	r0, sp, #52	; 0x34
    struct addrinfo *ai = nullptr;
   b4642:	9100      	str	r1, [sp, #0]
    struct addrinfo hints = {};
   b4644:	f000 fafc 	bl	b4c40 <memset>
    hints.ai_flags = AI_ADDRCONFIG;
   b4648:	2340      	movs	r3, #64	; 0x40
   b464a:	930c      	str	r3, [sp, #48]	; 0x30
    hints.ai_family = AF_UNSPEC;
    const int r = getaddrinfo(name, nullptr, &hints, &ai);
   b464c:	4620      	mov	r0, r4
   b464e:	466b      	mov	r3, sp
   b4650:	aa0c      	add	r2, sp, #48	; 0x30
   b4652:	2100      	movs	r1, #0
   b4654:	f7ff fdb4 	bl	b41c0 <netdb_getaddrinfo>
    if (!r) {
   b4658:	4604      	mov	r4, r0
   b465a:	2800      	cmp	r0, #0
   b465c:	d14b      	bne.n	b46f6 <_ZN5spark12NetworkClass7resolveEPKc+0xca>
        bool ok = false;
        // This is not really needed if AI_ADDRCONFIG is properly supported
        bool ipv4 = network_ready(*this, NETWORK_READY_TYPE_IPV4, nullptr);
   b465e:	4602      	mov	r2, r0
   b4660:	2101      	movs	r1, #1
   b4662:	6868      	ldr	r0, [r5, #4]
   b4664:	f7ff fe78 	bl	b4358 <network_ready>
        bool ipv6 = network_ready(*this, NETWORK_READY_TYPE_IPV6, nullptr);
   b4668:	2102      	movs	r1, #2
        bool ipv4 = network_ready(*this, NETWORK_READY_TYPE_IPV4, nullptr);
   b466a:	4680      	mov	r8, r0
        bool ipv6 = network_ready(*this, NETWORK_READY_TYPE_IPV6, nullptr);
   b466c:	4622      	mov	r2, r4
   b466e:	6868      	ldr	r0, [r5, #4]
   b4670:	f7ff fe72 	bl	b4358 <network_ready>
        for (auto cur = ai; cur != nullptr && !ok; cur = cur->ai_next) {
   b4674:	9e00      	ldr	r6, [sp, #0]
        bool ipv6 = network_ready(*this, NETWORK_READY_TYPE_IPV6, nullptr);
   b4676:	4681      	mov	r9, r0
        bool ok = false;
   b4678:	4621      	mov	r1, r4
        for (auto cur = ai; cur != nullptr && !ok; cur = cur->ai_next) {
   b467a:	2e00      	cmp	r6, #0
   b467c:	d03b      	beq.n	b46f6 <_ZN5spark12NetworkClass7resolveEPKc+0xca>
   b467e:	2900      	cmp	r1, #0
   b4680:	d139      	bne.n	b46f6 <_ZN5spark12NetworkClass7resolveEPKc+0xca>
            // NOTE: using only the first entry that matches the current state of IPv4/IPv6 connectivity
            switch (cur->ai_family) {
   b4682:	6873      	ldr	r3, [r6, #4]
   b4684:	2b02      	cmp	r3, #2
   b4686:	d003      	beq.n	b4690 <_ZN5spark12NetworkClass7resolveEPKc+0x64>
   b4688:	2b0a      	cmp	r3, #10
   b468a:	d011      	beq.n	b46b0 <_ZN5spark12NetworkClass7resolveEPKc+0x84>
        for (auto cur = ai; cur != nullptr && !ok; cur = cur->ai_next) {
   b468c:	69f6      	ldr	r6, [r6, #28]
   b468e:	e7f4      	b.n	b467a <_ZN5spark12NetworkClass7resolveEPKc+0x4e>
                case AF_INET: {
                    if (!ipv4) {
   b4690:	f1b8 0f00 	cmp.w	r8, #0
   b4694:	d0fa      	beq.n	b468c <_ZN5spark12NetworkClass7resolveEPKc+0x60>
                        continue;
                    }
                    // NOTE: HAL_IPAddress is little-endian
                    auto in = (struct sockaddr_in*)cur->ai_addr;
                    addr = (const uint8_t*)(&in->sin_addr.s_addr);
   b4696:	6971      	ldr	r1, [r6, #20]
        return *this = IPAddress(address);
   b4698:	a806      	add	r0, sp, #24
   b469a:	3104      	adds	r1, #4
class IPAddress : public Printable {
   b469c:	ad07      	add	r5, sp, #28
        return *this = IPAddress(address);
   b469e:	f7ff ff71 	bl	b4584 <_ZN9IPAddressC1EPKh>
class IPAddress : public Printable {
   b46a2:	cd0f      	ldmia	r5!, {r0, r1, r2, r3}
   b46a4:	1d3c      	adds	r4, r7, #4
   b46a6:	c40f      	stmia	r4!, {r0, r1, r2, r3}
   b46a8:	682b      	ldr	r3, [r5, #0]
   b46aa:	7023      	strb	r3, [r4, #0]
                    ok = true;
   b46ac:	4641      	mov	r1, r8
        return *this = IPAddress(address);
   b46ae:	e7ed      	b.n	b468c <_ZN5spark12NetworkClass7resolveEPKc+0x60>
                    break;
                }
                case AF_INET6: {
                    if (!ipv6) {
   b46b0:	f1b9 0f00 	cmp.w	r9, #0
   b46b4:	d0ea      	beq.n	b468c <_ZN5spark12NetworkClass7resolveEPKc+0x60>
                        continue;
                    }
                    auto in6 = (struct sockaddr_in6*)cur->ai_addr;
   b46b6:	6974      	ldr	r4, [r6, #20]
                    HAL_IPAddress a = {};
   b46b8:	2210      	movs	r2, #16
   b46ba:	a801      	add	r0, sp, #4
   b46bc:	f000 fac0 	bl	b4c40 <memset>
                    a.v = 6;
   b46c0:	2306      	movs	r3, #6
   b46c2:	f88d 3014 	strb.w	r3, [sp, #20]
                    memcpy(a.ipv6, in6->sin6_addr.s6_addr, sizeof(a.ipv6));
   b46c6:	ad01      	add	r5, sp, #4
   b46c8:	f104 0308 	add.w	r3, r4, #8
   b46cc:	3418      	adds	r4, #24
   b46ce:	6818      	ldr	r0, [r3, #0]
   b46d0:	6859      	ldr	r1, [r3, #4]
   b46d2:	462a      	mov	r2, r5
   b46d4:	c203      	stmia	r2!, {r0, r1}
   b46d6:	3308      	adds	r3, #8
   b46d8:	42a3      	cmp	r3, r4
   b46da:	4615      	mov	r5, r2
   b46dc:	d1f7      	bne.n	b46ce <_ZN5spark12NetworkClass7resolveEPKc+0xa2>
                    addr = IPAddress(a);
   b46de:	a901      	add	r1, sp, #4
   b46e0:	a806      	add	r0, sp, #24
class IPAddress : public Printable {
   b46e2:	ad07      	add	r5, sp, #28
   b46e4:	f7ff ff2e 	bl	b4544 <_ZN9IPAddressC1ERK16_HAL_IPAddress_t>
   b46e8:	cd0f      	ldmia	r5!, {r0, r1, r2, r3}
   b46ea:	1d3c      	adds	r4, r7, #4
   b46ec:	c40f      	stmia	r4!, {r0, r1, r2, r3}
   b46ee:	682b      	ldr	r3, [r5, #0]
   b46f0:	7023      	strb	r3, [r4, #0]
                    ok = true;
   b46f2:	4649      	mov	r1, r9
   b46f4:	e7ca      	b.n	b468c <_ZN5spark12NetworkClass7resolveEPKc+0x60>
                    break;
                }
            }
        }
    }
    freeaddrinfo(ai);
   b46f6:	9800      	ldr	r0, [sp, #0]
   b46f8:	f7ff fd5a 	bl	b41b0 <netdb_freeaddrinfo>
    return Cellular.resolve(name);
#endif // Wiring_Cellular

#endif // HAL_USE_INET_HAL_POSIX
    return addr;
}
   b46fc:	4638      	mov	r0, r7
   b46fe:	b015      	add	sp, #84	; 0x54
   b4700:	e8bd 83f0 	ldmia.w	sp!, {r4, r5, r6, r7, r8, r9, pc}

000b4704 <_GLOBAL__sub_I__ZN5spark7NetworkE>:
   b4704:	4b02      	ldr	r3, [pc, #8]	; (b4710 <_GLOBAL__sub_I__ZN5spark7NetworkE+0xc>)
   b4706:	4a03      	ldr	r2, [pc, #12]	; (b4714 <_GLOBAL__sub_I__ZN5spark7NetworkE+0x10>)
   b4708:	601a      	str	r2, [r3, #0]
   b470a:	2200      	movs	r2, #0
   b470c:	605a      	str	r2, [r3, #4]
    network_free_configuration(c, count, nullptr);
    return res;
}
#endif // HAL_USE_SOCKET_HAL_POSIX

} // spark
   b470e:	4770      	bx	lr
   b4710:	2003e6ec 	.word	0x2003e6ec
   b4714:	000b4e0c 	.word	0x000b4e0c

000b4718 <_ZN5Print5writeEPKhj>:

// Public Methods //////////////////////////////////////////////////////////////

/* default implementation: may be overridden */
size_t Print::write(const uint8_t *buffer, size_t size)
{
   b4718:	b5f8      	push	{r3, r4, r5, r6, r7, lr}
   b471a:	4606      	mov	r6, r0
   b471c:	460d      	mov	r5, r1
  size_t n = 0;
   b471e:	188f      	adds	r7, r1, r2
   b4720:	2400      	movs	r4, #0
  while (size--) {
   b4722:	42bd      	cmp	r5, r7
   b4724:	d00c      	beq.n	b4740 <_ZN5Print5writeEPKhj+0x28>
     int chunk = write(*buffer++);
   b4726:	6833      	ldr	r3, [r6, #0]
   b4728:	f815 1b01 	ldrb.w	r1, [r5], #1
   b472c:	689b      	ldr	r3, [r3, #8]
   b472e:	4630      	mov	r0, r6
   b4730:	4798      	blx	r3
     if (chunk>=0)
   b4732:	1e03      	subs	r3, r0, #0
   b4734:	db01      	blt.n	b473a <_ZN5Print5writeEPKhj+0x22>
         n += chunk;
   b4736:	441c      	add	r4, r3
  while (size--) {
   b4738:	e7f3      	b.n	b4722 <_ZN5Print5writeEPKhj+0xa>
     int chunk = write(*buffer++);
   b473a:	2c00      	cmp	r4, #0
   b473c:	bf08      	it	eq
   b473e:	461c      	moveq	r4, r3
             n = chunk;
         break;
     }
  }
  return n;
}
   b4740:	4620      	mov	r0, r4
   b4742:	bdf8      	pop	{r3, r4, r5, r6, r7, pc}

000b4744 <_ZN5Print5writeEPKc>:
    size_t write(const char *str) {
   b4744:	b513      	push	{r0, r1, r4, lr}
   b4746:	4604      	mov	r4, r0
    }
   b4748:	4608      	mov	r0, r1
      if (str == NULL) return 0;
   b474a:	b159      	cbz	r1, b4764 <_ZN5Print5writeEPKc+0x20>
      return write((const uint8_t *)str, strlen(str));
   b474c:	9101      	str	r1, [sp, #4]
   b474e:	f7ff fc65 	bl	b401c <strlen>
   b4752:	6823      	ldr	r3, [r4, #0]
   b4754:	9901      	ldr	r1, [sp, #4]
   b4756:	68db      	ldr	r3, [r3, #12]
   b4758:	4602      	mov	r2, r0
   b475a:	4620      	mov	r0, r4
    }
   b475c:	b002      	add	sp, #8
   b475e:	e8bd 4010 	ldmia.w	sp!, {r4, lr}
      return write((const uint8_t *)str, strlen(str));
   b4762:	4718      	bx	r3
    }
   b4764:	b002      	add	sp, #8
   b4766:	bd10      	pop	{r4, pc}

000b4768 <_ZN5Print5printEc>:
  return write(str);
}

size_t Print::print(char c)
{
  return write(c);
   b4768:	6803      	ldr	r3, [r0, #0]
   b476a:	689b      	ldr	r3, [r3, #8]
   b476c:	4718      	bx	r3

000b476e <_ZN5Print7printlnEv>:
{
  return print(reinterpret_cast<const char*>(str));
}

size_t Print::println(void)
{
   b476e:	b538      	push	{r3, r4, r5, lr}
  size_t n = print('\r');
   b4770:	210d      	movs	r1, #13
{
   b4772:	4605      	mov	r5, r0
  size_t n = print('\r');
   b4774:	f7ff fff8 	bl	b4768 <_ZN5Print5printEc>
  n += print('\n');
   b4778:	210a      	movs	r1, #10
  size_t n = print('\r');
   b477a:	4604      	mov	r4, r0
  n += print('\n');
   b477c:	4628      	mov	r0, r5
   b477e:	f7ff fff3 	bl	b4768 <_ZN5Print5printEc>
  return n;
}
   b4782:	4420      	add	r0, r4
   b4784:	bd38      	pop	{r3, r4, r5, pc}

000b4786 <_ZN5Print7printlnEPKc>:

size_t Print::println(const char c[])
{
   b4786:	b538      	push	{r3, r4, r5, lr}
   b4788:	4605      	mov	r5, r0
  return write(str);
   b478a:	f7ff ffdb 	bl	b4744 <_ZN5Print5writeEPKc>
   b478e:	4604      	mov	r4, r0
  size_t n = print(c);
  n += println();
   b4790:	4628      	mov	r0, r5
   b4792:	f7ff ffec 	bl	b476e <_ZN5Print7printlnEv>
  return n;
}
   b4796:	4420      	add	r0, r4
   b4798:	bd38      	pop	{r3, r4, r5, pc}

000b479a <_ZN5Print11printNumberEmh>:
  return println(reinterpret_cast<const char*>(str));
}

// Private Methods /////////////////////////////////////////////////////////////

size_t Print::printNumber(unsigned long n, uint8_t base) {
   b479a:	b530      	push	{r4, r5, lr}
   b479c:	b08b      	sub	sp, #44	; 0x2c
  char buf[8 * sizeof(n) + 1]; // Assumes 8-bit chars plus zero byte.
  char *str = &buf[sizeof(buf) - 1];

  *str = '\0';
   b479e:	2300      	movs	r3, #0

  // prevent crash if called with base == 1
  if (base < 2) base = 10;
   b47a0:	2a01      	cmp	r2, #1
  *str = '\0';
   b47a2:	f88d 3024 	strb.w	r3, [sp, #36]	; 0x24
  if (base < 2) base = 10;
   b47a6:	bf98      	it	ls
   b47a8:	220a      	movls	r2, #10
   b47aa:	ac09      	add	r4, sp, #36	; 0x24

  do {
   decltype(n) m = n;
   n /= base;
   b47ac:	460d      	mov	r5, r1
   b47ae:	fbb1 f1f2 	udiv	r1, r1, r2
   char c = m - base * n;
   b47b2:	fb01 5312 	mls	r3, r1, r2, r5
   b47b6:	f003 03ff 	and.w	r3, r3, #255	; 0xff
   *--str = c < 10 ? c + '0' : c + 'A' - 10;
   b47ba:	2b09      	cmp	r3, #9
   b47bc:	bf94      	ite	ls
   b47be:	3330      	addls	r3, #48	; 0x30
   b47c0:	3337      	addhi	r3, #55	; 0x37
   b47c2:	b2db      	uxtb	r3, r3
  } while(n);
   b47c4:	42aa      	cmp	r2, r5
   *--str = c < 10 ? c + '0' : c + 'A' - 10;
   b47c6:	f804 3d01 	strb.w	r3, [r4, #-1]!
  } while(n);
   b47ca:	d9ef      	bls.n	b47ac <_ZN5Print11printNumberEmh+0x12>

  return write(str);
   b47cc:	4621      	mov	r1, r4
   b47ce:	f7ff ffb9 	bl	b4744 <_ZN5Print5writeEPKc>
}
   b47d2:	b00b      	add	sp, #44	; 0x2c
   b47d4:	bd30      	pop	{r4, r5, pc}
	...

000b47d8 <_GLOBAL__sub_I_RGB>:
	static void
	_M_init_functor(_Any_data& __functor, _Functor&& __f, false_type)
	{ __functor._M_access<_Functor*>() = new _Functor(std::move(__f)); }
      };

    _Function_base() : _M_manager(nullptr) { }
   b47d8:	4b01      	ldr	r3, [pc, #4]	; (b47e0 <_GLOBAL__sub_I_RGB+0x8>)
   b47da:	2200      	movs	r2, #0
   b47dc:	609a      	str	r2, [r3, #8]
{
    RGBClass* const d = static_cast<RGBClass*>(data);
    if (d->changeHandler_) {
        d->changeHandler_(r, g, b);
    }
}
   b47de:	4770      	bx	lr
   b47e0:	2003e6f4 	.word	0x2003e6f4

000b47e4 <_GLOBAL__sub_I_System>:
} // namespace particle

// particle::Flag<TagT, ValueT>
template<typename TagT, typename ValueT>
inline particle::Flag<TagT, ValueT>::Flag(ValueT val) :
        val_(val) {
   b47e4:	4b05      	ldr	r3, [pc, #20]	; (b47fc <_GLOBAL__sub_I_System+0x18>)
   b47e6:	2202      	movs	r2, #2
   b47e8:	601a      	str	r2, [r3, #0]

class SystemSleepResult {
public:
    SystemSleepResult()
            : wakeupSource_(nullptr),
              error_(SYSTEM_ERROR_NONE) {
   b47ea:	4b05      	ldr	r3, [pc, #20]	; (b4800 <_GLOBAL__sub_I_System+0x1c>)
    SleepResult() {}
   b47ec:	4a05      	ldr	r2, [pc, #20]	; (b4804 <_GLOBAL__sub_I_System+0x20>)
   b47ee:	609a      	str	r2, [r3, #8]
              error_(SYSTEM_ERROR_NONE) {
   b47f0:	2000      	movs	r0, #0
   b47f2:	e9c3 0000 	strd	r0, r0, [r3]

class SystemClass {
public:

    SystemClass(System_Mode_TypeDef mode = DEFAULT) {
        set_system_mode(mode);
   b47f6:	f7ff bd6b 	b.w	b42d0 <set_system_mode>
   b47fa:	bf00      	nop
   b47fc:	2003e710 	.word	0x2003e710
   b4800:	2003e704 	.word	0x2003e704
   b4804:	ffff0000 	.word	0xffff0000

000b4808 <_GLOBAL__sub_I_TIME_FORMAT_DEFAULT>:
            calendar_time_cache = Convert_UnixTime_To_CalendarTime(unix_time);
            unix_time_cache = unix_time;
    }
}

const char* TimeClass::format_spec = TIME_FORMAT_DEFAULT;
   b4808:	4b02      	ldr	r3, [pc, #8]	; (b4814 <_GLOBAL__sub_I_TIME_FORMAT_DEFAULT+0xc>)
   b480a:	681a      	ldr	r2, [r3, #0]
   b480c:	4b02      	ldr	r3, [pc, #8]	; (b4818 <_GLOBAL__sub_I_TIME_FORMAT_DEFAULT+0x10>)
   b480e:	601a      	str	r2, [r3, #0]
{
  return isValid();
}


TimeClass Time;
   b4810:	4770      	bx	lr
   b4812:	bf00      	nop
   b4814:	2003e664 	.word	0x2003e664
   b4818:	2003e714 	.word	0x2003e714

000b481c <_ZN11USARTSerialD1Ev>:
private:
  hal_usart_interface_t _serial;
  bool _blocking;
public:
  USARTSerial(hal_usart_interface_t serial, const hal_usart_buffer_config_t& config);
  virtual ~USARTSerial() {};
   b481c:	4770      	bx	lr

000b481e <_ZN11USARTSerial14blockOnOverrunEb>:
    hal_usart_half_duplex(_serial, Enable);
}

void USARTSerial::blockOnOverrun(bool block)
{
  _blocking = block;
   b481e:	7441      	strb	r1, [r0, #17]
}
   b4820:	4770      	bx	lr

000b4822 <_ZN11USARTSerial17availableForWriteEv>:


int USARTSerial::availableForWrite(void)
{
   b4822:	b508      	push	{r3, lr}
  return std::max(0, (int)hal_usart_available_data_for_write(_serial));
   b4824:	7c00      	ldrb	r0, [r0, #16]
   b4826:	f7ff fcfb 	bl	b4220 <hal_usart_available_data_for_write>
}
   b482a:	ea20 70e0 	bic.w	r0, r0, r0, asr #31
   b482e:	bd08      	pop	{r3, pc}

000b4830 <_ZN11USARTSerial9availableEv>:

int USARTSerial::available(void)
{
   b4830:	b508      	push	{r3, lr}
  return std::max(0, (int)hal_usart_available(_serial));
   b4832:	7c00      	ldrb	r0, [r0, #16]
   b4834:	f7ff fcd4 	bl	b41e0 <hal_usart_available>
}
   b4838:	ea20 70e0 	bic.w	r0, r0, r0, asr #31
   b483c:	bd08      	pop	{r3, pc}

000b483e <_ZN11USARTSerial4peekEv>:

int USARTSerial::peek(void)
{
   b483e:	b508      	push	{r3, lr}
  return std::max(-1, (int)hal_usart_peek(_serial));
   b4840:	7c00      	ldrb	r0, [r0, #16]
   b4842:	f7ff fcdd 	bl	b4200 <hal_usart_peek>
}
   b4846:	ea40 70e0 	orr.w	r0, r0, r0, asr #31
   b484a:	bd08      	pop	{r3, pc}

000b484c <_ZN11USARTSerial4readEv>:

int USARTSerial::read(void)
{
   b484c:	b508      	push	{r3, lr}
  return std::max(-1, (int)hal_usart_read(_serial));
   b484e:	7c00      	ldrb	r0, [r0, #16]
   b4850:	f7ff fcce 	bl	b41f0 <hal_usart_read>
}
   b4854:	ea40 70e0 	orr.w	r0, r0, r0, asr #31
   b4858:	bd08      	pop	{r3, pc}

000b485a <_ZN11USARTSerial5flushEv>:

void USARTSerial::flush()
{
  hal_usart_flush(_serial);
   b485a:	7c00      	ldrb	r0, [r0, #16]
   b485c:	f7ff bcd8 	b.w	b4210 <hal_usart_flush>

000b4860 <_ZN11USARTSerial5writeEh>:
}

size_t USARTSerial::write(uint8_t c)
{
   b4860:	b537      	push	{r0, r1, r2, r4, r5, lr}
  // attempt a write if blocking, or for non-blocking if there is room.
  if (_blocking || hal_usart_available_data_for_write(_serial) > 0) {
   b4862:	7c45      	ldrb	r5, [r0, #17]
{
   b4864:	4604      	mov	r4, r0
  if (_blocking || hal_usart_available_data_for_write(_serial) > 0) {
   b4866:	b12d      	cbz	r5, b4874 <_ZN11USARTSerial5writeEh+0x14>
    // the HAL always blocks.
	  return hal_usart_write(_serial, c);
   b4868:	7c20      	ldrb	r0, [r4, #16]
  }
  return 0;
}
   b486a:	b003      	add	sp, #12
   b486c:	e8bd 4030 	ldmia.w	sp!, {r4, r5, lr}
	  return hal_usart_write(_serial, c);
   b4870:	f7ff bcae 	b.w	b41d0 <hal_usart_write>
  if (_blocking || hal_usart_available_data_for_write(_serial) > 0) {
   b4874:	7c00      	ldrb	r0, [r0, #16]
   b4876:	9101      	str	r1, [sp, #4]
   b4878:	f7ff fcd2 	bl	b4220 <hal_usart_available_data_for_write>
   b487c:	2800      	cmp	r0, #0
   b487e:	9901      	ldr	r1, [sp, #4]
   b4880:	dcf2      	bgt.n	b4868 <_ZN11USARTSerial5writeEh+0x8>
}
   b4882:	4628      	mov	r0, r5
   b4884:	b003      	add	sp, #12
   b4886:	bd30      	pop	{r4, r5, pc}

000b4888 <_ZN11USARTSerialD0Ev>:
   b4888:	b510      	push	{r4, lr}
   b488a:	2114      	movs	r1, #20
   b488c:	4604      	mov	r4, r0
   b488e:	f7ff fc0a 	bl	b40a6 <_ZdlPvj>
   b4892:	4620      	mov	r0, r4
   b4894:	bd10      	pop	{r4, pc}
	...

000b4898 <_ZN11USARTSerialC1E21hal_usart_interface_tRK25hal_usart_buffer_config_t>:
USARTSerial::USARTSerial(hal_usart_interface_t serial, const hal_usart_buffer_config_t& config)
   b4898:	b510      	push	{r4, lr}
    virtual int available() = 0;
    virtual int read() = 0;
    virtual int peek() = 0;
    virtual void flush() = 0;

    Stream() {_timeout=1000;}
   b489a:	f44f 737a 	mov.w	r3, #1000	; 0x3e8
   b489e:	4604      	mov	r4, r0
   b48a0:	4608      	mov	r0, r1
   b48a2:	4611      	mov	r1, r2
   b48a4:	2200      	movs	r2, #0
   b48a6:	e9c4 2301 	strd	r2, r3, [r4, #4]
   b48aa:	4b04      	ldr	r3, [pc, #16]	; (b48bc <_ZN11USARTSerialC1E21hal_usart_interface_tRK25hal_usart_buffer_config_t+0x24>)
   b48ac:	6023      	str	r3, [r4, #0]
  _blocking = true;
   b48ae:	2301      	movs	r3, #1
  _serial = serial;
   b48b0:	7420      	strb	r0, [r4, #16]
  _blocking = true;
   b48b2:	7463      	strb	r3, [r4, #17]
  hal_usart_init_ex(serial, &config, nullptr);
   b48b4:	f7ff fcc4 	bl	b4240 <hal_usart_init_ex>
}
   b48b8:	4620      	mov	r0, r4
   b48ba:	bd10      	pop	{r4, pc}
   b48bc:	000b4e64 	.word	0x000b4e64

000b48c0 <_ZN11USARTSerial5beginEmm>:
  hal_usart_begin_config(_serial, baud, config, nullptr);
   b48c0:	7c00      	ldrb	r0, [r0, #16]
   b48c2:	2300      	movs	r3, #0
   b48c4:	f7ff bcb4 	b.w	b4230 <hal_usart_begin_config>

000b48c8 <_ZN11USARTSerial5beginEm>:
  begin(baud, SERIAL_8N1);
   b48c8:	2200      	movs	r2, #0
   b48ca:	f7ff bff9 	b.w	b48c0 <_ZN11USARTSerial5beginEmm>

000b48ce <_ZN9USBSerial14blockOnOverrunEb>:
  HAL_USB_USART_Flush_Data(_serial);
}

void USBSerial::blockOnOverrun(bool block)
{
  _blocking = block;
   b48ce:	7441      	strb	r1, [r0, #17]
}
   b48d0:	4770      	bx	lr

000b48d2 <__tcf_0>:
}

USBSerial& _fetch_usbserial()
{
  HAL_USB_USART_Config conf = acquireSerialBuffer();
	static USBSerial _usbserial(HAL_USB_USART_SERIAL, conf);
   b48d2:	4770      	bx	lr

000b48d4 <_ZN9USBSerialD1Ev>:
#include "usb_hal.h"
#include "system_task.h"
#include "spark_wiring_startup.h"
#include "concurrent_hal.h"

class USBSerial : public Stream
   b48d4:	4770      	bx	lr

000b48d6 <_ZN9USBSerial4readEv>:
{
   b48d6:	b508      	push	{r3, lr}
	return std::max(-1, (int)HAL_USB_USART_Receive_Data(_serial, false));
   b48d8:	2100      	movs	r1, #0
   b48da:	7c00      	ldrb	r0, [r0, #16]
   b48dc:	f7ff fcd8 	bl	b4290 <HAL_USB_USART_Receive_Data>
}
   b48e0:	ea40 70e0 	orr.w	r0, r0, r0, asr #31
   b48e4:	bd08      	pop	{r3, pc}

000b48e6 <_ZN9USBSerial4peekEv>:
{
   b48e6:	b508      	push	{r3, lr}
	return std::max(-1, (int)HAL_USB_USART_Receive_Data(_serial, true));
   b48e8:	2101      	movs	r1, #1
   b48ea:	7c00      	ldrb	r0, [r0, #16]
   b48ec:	f7ff fcd0 	bl	b4290 <HAL_USB_USART_Receive_Data>
}
   b48f0:	ea40 70e0 	orr.w	r0, r0, r0, asr #31
   b48f4:	bd08      	pop	{r3, pc}

000b48f6 <_ZN9USBSerial17availableForWriteEv>:
{
   b48f6:	b508      	push	{r3, lr}
  return std::max(0, (int)HAL_USB_USART_Available_Data_For_Write(_serial));
   b48f8:	7c00      	ldrb	r0, [r0, #16]
   b48fa:	f7ff fcc1 	bl	b4280 <HAL_USB_USART_Available_Data_For_Write>
}
   b48fe:	ea20 70e0 	bic.w	r0, r0, r0, asr #31
   b4902:	bd08      	pop	{r3, pc}

000b4904 <_ZN9USBSerial9availableEv>:
{
   b4904:	b508      	push	{r3, lr}
	return std::max(0, (int)HAL_USB_USART_Available_Data(_serial));
   b4906:	7c00      	ldrb	r0, [r0, #16]
   b4908:	f7ff fcb2 	bl	b4270 <HAL_USB_USART_Available_Data>
}
   b490c:	ea20 70e0 	bic.w	r0, r0, r0, asr #31
   b4910:	bd08      	pop	{r3, pc}

000b4912 <_ZN9USBSerial5writeEh>:
{
   b4912:	b513      	push	{r0, r1, r4, lr}
   b4914:	4604      	mov	r4, r0
  if (HAL_USB_USART_Available_Data_For_Write(_serial) > 0 || _blocking) {
   b4916:	7c00      	ldrb	r0, [r0, #16]
{
   b4918:	9101      	str	r1, [sp, #4]
  if (HAL_USB_USART_Available_Data_For_Write(_serial) > 0 || _blocking) {
   b491a:	f7ff fcb1 	bl	b4280 <HAL_USB_USART_Available_Data_For_Write>
   b491e:	2800      	cmp	r0, #0
   b4920:	9901      	ldr	r1, [sp, #4]
   b4922:	dc01      	bgt.n	b4928 <_ZN9USBSerial5writeEh+0x16>
   b4924:	7c60      	ldrb	r0, [r4, #17]
   b4926:	b120      	cbz	r0, b4932 <_ZN9USBSerial5writeEh+0x20>
    return std::max(0, (int)HAL_USB_USART_Send_Data(_serial, byte));
   b4928:	7c20      	ldrb	r0, [r4, #16]
   b492a:	f7ff fcb9 	bl	b42a0 <HAL_USB_USART_Send_Data>
   b492e:	ea20 70e0 	bic.w	r0, r0, r0, asr #31
}
   b4932:	b002      	add	sp, #8
   b4934:	bd10      	pop	{r4, pc}

000b4936 <_ZN9USBSerial5flushEv>:
  HAL_USB_USART_Flush_Data(_serial);
   b4936:	7c00      	ldrb	r0, [r0, #16]
   b4938:	f7ff bcba 	b.w	b42b0 <HAL_USB_USART_Flush_Data>

000b493c <_ZN9USBSerialD0Ev>:
   b493c:	b510      	push	{r4, lr}
   b493e:	2114      	movs	r1, #20
   b4940:	4604      	mov	r4, r0
   b4942:	f7ff fbb0 	bl	b40a6 <_ZdlPvj>
   b4946:	4620      	mov	r0, r4
   b4948:	bd10      	pop	{r4, pc}
	...

000b494c <_ZN9USBSerialC1E20HAL_USB_USART_SerialRK20HAL_USB_USART_Config>:
USBSerial::USBSerial(HAL_USB_USART_Serial serial, const HAL_USB_USART_Config& conf)
   b494c:	b510      	push	{r4, lr}
   b494e:	f44f 737a 	mov.w	r3, #1000	; 0x3e8
   b4952:	4604      	mov	r4, r0
   b4954:	4608      	mov	r0, r1
   b4956:	2100      	movs	r1, #0
   b4958:	e9c4 1301 	strd	r1, r3, [r4, #4]
   b495c:	4b04      	ldr	r3, [pc, #16]	; (b4970 <_ZN9USBSerialC1E20HAL_USB_USART_SerialRK20HAL_USB_USART_Config+0x24>)
   b495e:	6023      	str	r3, [r4, #0]
  _blocking = true;
   b4960:	2301      	movs	r3, #1
  _serial = serial;
   b4962:	7420      	strb	r0, [r4, #16]
  _blocking = true;
   b4964:	7463      	strb	r3, [r4, #17]
  HAL_USB_USART_Init(_serial, &conf);
   b4966:	4611      	mov	r1, r2
   b4968:	f7ff fc72 	bl	b4250 <HAL_USB_USART_Init>
}
   b496c:	4620      	mov	r0, r4
   b496e:	bd10      	pop	{r4, pc}
   b4970:	000b4e94 	.word	0x000b4e94

000b4974 <_ZN9USBSerial5beginEl>:
    HAL_USB_USART_Begin(_serial, speed, NULL);
   b4974:	7c00      	ldrb	r0, [r0, #16]
   b4976:	2200      	movs	r2, #0
   b4978:	f7ff bc72 	b.w	b4260 <HAL_USB_USART_Begin>

000b497c <_ZN9USBSerial11isConnectedEv>:
  return HAL_USB_USART_Is_Connected(_serial);
   b497c:	7c00      	ldrb	r0, [r0, #16]
   b497e:	f7ff bc9f 	b.w	b42c0 <HAL_USB_USART_Is_Connected>

000b4982 <_Z19acquireSerialBufferv>:
{
   b4982:	b510      	push	{r4, lr}
  HAL_USB_USART_Config conf = {};
   b4984:	2214      	movs	r2, #20
{
   b4986:	4604      	mov	r4, r0
  HAL_USB_USART_Config conf = {};
   b4988:	2100      	movs	r1, #0
   b498a:	f000 f959 	bl	b4c40 <memset>
}
   b498e:	4620      	mov	r0, r4
   b4990:	bd10      	pop	{r4, pc}
	...

000b4994 <_Z16_fetch_usbserialv>:
{
   b4994:	b510      	push	{r4, lr}
	static USBSerial _usbserial(HAL_USB_USART_SERIAL, conf);
   b4996:	4c0f      	ldr	r4, [pc, #60]	; (b49d4 <_Z16_fetch_usbserialv+0x40>)
{
   b4998:	b088      	sub	sp, #32
  HAL_USB_USART_Config conf = acquireSerialBuffer();
   b499a:	a803      	add	r0, sp, #12
   b499c:	f7ff fff1 	bl	b4982 <_Z19acquireSerialBufferv>
	static USBSerial _usbserial(HAL_USB_USART_SERIAL, conf);
   b49a0:	7821      	ldrb	r1, [r4, #0]
   b49a2:	f3bf 8f5b 	dmb	ish
   b49a6:	f011 0101 	ands.w	r1, r1, #1
   b49aa:	d10f      	bne.n	b49cc <_Z16_fetch_usbserialv+0x38>
   b49ac:	4620      	mov	r0, r4
   b49ae:	9101      	str	r1, [sp, #4]
   b49b0:	f7ff fb7b 	bl	b40aa <__cxa_guard_acquire>
   b49b4:	9901      	ldr	r1, [sp, #4]
   b49b6:	b148      	cbz	r0, b49cc <_Z16_fetch_usbserialv+0x38>
   b49b8:	aa03      	add	r2, sp, #12
   b49ba:	4807      	ldr	r0, [pc, #28]	; (b49d8 <_Z16_fetch_usbserialv+0x44>)
   b49bc:	f7ff ffc6 	bl	b494c <_ZN9USBSerialC1E20HAL_USB_USART_SerialRK20HAL_USB_USART_Config>
   b49c0:	4620      	mov	r0, r4
   b49c2:	f7ff fb77 	bl	b40b4 <__cxa_guard_release>
   b49c6:	4805      	ldr	r0, [pc, #20]	; (b49dc <_Z16_fetch_usbserialv+0x48>)
   b49c8:	f000 f926 	bl	b4c18 <atexit>
	return _usbserial;
}
   b49cc:	4802      	ldr	r0, [pc, #8]	; (b49d8 <_Z16_fetch_usbserialv+0x44>)
   b49ce:	b008      	add	sp, #32
   b49d0:	bd10      	pop	{r4, pc}
   b49d2:	bf00      	nop
   b49d4:	2003e718 	.word	0x2003e718
   b49d8:	2003e71c 	.word	0x2003e71c
   b49dc:	000b48d3 	.word	0x000b48d3

000b49e0 <_ZN5spark9WiFiClass5readyEv>:
    bool connecting(void) {
        return network_connecting(*this, 0, NULL);
    }

    bool ready(void) {
        return network_ready(*this, 0, NULL);
   b49e0:	2200      	movs	r2, #0
   b49e2:	6840      	ldr	r0, [r0, #4]
   b49e4:	4611      	mov	r1, r2
   b49e6:	f7ff bcb7 	b.w	b4358 <network_ready>

000b49ea <_ZN5spark9WiFiClass9listeningEv>:
    uint16_t getListenTimeout(void) {
        return network_get_listen_timeout(*this, 0, NULL);
    }

    bool listening(void) {
        return network_listening(*this, 0, NULL);
   b49ea:	2200      	movs	r2, #0
   b49ec:	6840      	ldr	r0, [r0, #4]
   b49ee:	4611      	mov	r1, r2
   b49f0:	f7ff bcd2 	b.w	b4398 <network_listening>

000b49f4 <_ZN5spark9WiFiClass16getListenTimeoutEv>:
        return network_get_listen_timeout(*this, 0, NULL);
   b49f4:	2200      	movs	r2, #0
   b49f6:	6840      	ldr	r0, [r0, #4]
   b49f8:	4611      	mov	r1, r2
   b49fa:	f7ff bcdd 	b.w	b43b8 <network_get_listen_timeout>

000b49fe <_ZN5spark9WiFiClass16setListenTimeoutEt>:
        network_set_listen_timeout(*this, timeout, NULL);
   b49fe:	6840      	ldr	r0, [r0, #4]
   b4a00:	2200      	movs	r2, #0
   b4a02:	f7ff bcd1 	b.w	b43a8 <network_set_listen_timeout>

000b4a06 <_ZN5spark9WiFiClass6listenEb>:
        network_listen(*this, begin ? 0 : 1, NULL);
   b4a06:	6840      	ldr	r0, [r0, #4]
   b4a08:	2200      	movs	r2, #0
   b4a0a:	f081 0101 	eor.w	r1, r1, #1
   b4a0e:	f7ff bcbb 	b.w	b4388 <network_listen>

000b4a12 <_ZN5spark9WiFiClass3offEv>:
        network_off(*this, 0, 0, NULL);
   b4a12:	2300      	movs	r3, #0
   b4a14:	6840      	ldr	r0, [r0, #4]
   b4a16:	461a      	mov	r2, r3
   b4a18:	4619      	mov	r1, r3
   b4a1a:	f7ff bcad 	b.w	b4378 <network_off>

000b4a1e <_ZN5spark9WiFiClass2onEv>:
        network_on(*this, 0, 0, NULL);
   b4a1e:	2300      	movs	r3, #0
   b4a20:	6840      	ldr	r0, [r0, #4]
   b4a22:	461a      	mov	r2, r3
   b4a24:	4619      	mov	r1, r3
   b4a26:	f7ff bc9f 	b.w	b4368 <network_on>

000b4a2a <_ZN5spark9WiFiClass10connectingEv>:
        return network_connecting(*this, 0, NULL);
   b4a2a:	2200      	movs	r2, #0
   b4a2c:	6840      	ldr	r0, [r0, #4]
   b4a2e:	4611      	mov	r1, r2
   b4a30:	f7ff bc82 	b.w	b4338 <network_connecting>

000b4a34 <_ZN5spark9WiFiClass10disconnectEv>:
        network_disconnect(*this, NETWORK_DISCONNECT_REASON_USER, NULL);
   b4a34:	6840      	ldr	r0, [r0, #4]
   b4a36:	2200      	movs	r2, #0
   b4a38:	2102      	movs	r1, #2
   b4a3a:	f7ff bc85 	b.w	b4348 <network_disconnect>

000b4a3e <_ZN5spark9WiFiClass7connectEj>:
        network_connect(*this, flags, 0, NULL);
   b4a3e:	2300      	movs	r3, #0
   b4a40:	6840      	ldr	r0, [r0, #4]
   b4a42:	461a      	mov	r2, r3
   b4a44:	f7ff bc70 	b.w	b4328 <network_connect>

000b4a48 <_GLOBAL__sub_I__ZN10WiFiSignalC2ERK21wlan_connected_info_t>:
   b4a48:	4b02      	ldr	r3, [pc, #8]	; (b4a54 <_GLOBAL__sub_I__ZN10WiFiSignalC2ERK21wlan_connected_info_t+0xc>)
   b4a4a:	2204      	movs	r2, #4
   b4a4c:	605a      	str	r2, [r3, #4]
            NetworkClass(NETWORK_INTERFACE_WIFI_STA) {
   b4a4e:	4a02      	ldr	r2, [pc, #8]	; (b4a58 <_GLOBAL__sub_I__ZN10WiFiSignalC2ERK21wlan_connected_info_t+0x10>)
   b4a50:	601a      	str	r2, [r3, #0]
the same way.
*****************************************************************************/

    WiFiClass WiFi;
    // NetworkClass& Network = WiFi;
}
   b4a52:	4770      	bx	lr
   b4a54:	2003e730 	.word	0x2003e730
   b4a58:	000b4ec4 	.word	0x000b4ec4

000b4a5c <_ZZ21module_user_init_hookENUlP6_reentjmPvE_4_FUNES0_jmS1_>:

void module_user_init_hook()
{
#if HAL_PLATFORM_NEWLIB
    newlib_impure_ptr_callback([](struct _reent* r, size_t size, uint32_t version, void* ctx) -> void {
        _impure_ptr = r;
   b4a5c:	4b01      	ldr	r3, [pc, #4]	; (b4a64 <_ZZ21module_user_init_hookENUlP6_reentjmPvE_4_FUNES0_jmS1_+0x8>)
   b4a5e:	6018      	str	r0, [r3, #0]
    }, nullptr);
   b4a60:	4770      	bx	lr
   b4a62:	bf00      	nop
   b4a64:	2003e668 	.word	0x2003e668

000b4a68 <serialEventRun>:
{
   b4a68:	b508      	push	{r3, lr}
    if (serialEvent && Serial.available()>0)
   b4a6a:	4b0b      	ldr	r3, [pc, #44]	; (b4a98 <serialEventRun+0x30>)
   b4a6c:	b143      	cbz	r3, b4a80 <serialEventRun+0x18>
   b4a6e:	f7ff ff91 	bl	b4994 <_Z16_fetch_usbserialv>
   b4a72:	6803      	ldr	r3, [r0, #0]
   b4a74:	691b      	ldr	r3, [r3, #16]
   b4a76:	4798      	blx	r3
   b4a78:	2800      	cmp	r0, #0
   b4a7a:	dd01      	ble.n	b4a80 <serialEventRun+0x18>
        serialEvent();
   b4a7c:	f3af 8000 	nop.w
    if (serialEvent1 && Serial1.available()>0)
   b4a80:	4b06      	ldr	r3, [pc, #24]	; (b4a9c <serialEventRun+0x34>)
   b4a82:	b143      	cbz	r3, b4a96 <serialEventRun+0x2e>
   b4a84:	f000 f8a2 	bl	b4bcc <_Z22__fetch_global_Serial1v>
   b4a88:	6803      	ldr	r3, [r0, #0]
   b4a8a:	691b      	ldr	r3, [r3, #16]
   b4a8c:	4798      	blx	r3
   b4a8e:	2800      	cmp	r0, #0
   b4a90:	dd01      	ble.n	b4a96 <serialEventRun+0x2e>
        serialEvent1();
   b4a92:	f3af 8000 	nop.w
}
   b4a96:	bd08      	pop	{r3, pc}
	...

000b4aa0 <_post_loop>:
{
   b4aa0:	b508      	push	{r3, lr}
	serialEventRun();
   b4aa2:	f7ff ffe1 	bl	b4a68 <serialEventRun>
		return !thread || !thread->isRunning();
	}

	static inline system_tick_t current_time()
	{
		return HAL_Timer_Get_Milli_Seconds();
   b4aa6:	f7ff fb73 	bl	b4190 <HAL_Timer_Get_Milli_Seconds>
	/**
	 * Lifesign that the application is still working normally.
	 */
	static void checkin()
	{
		last_checkin = current_time();
   b4aaa:	4b01      	ldr	r3, [pc, #4]	; (b4ab0 <_post_loop+0x10>)
   b4aac:	6018      	str	r0, [r3, #0]
}
   b4aae:	bd08      	pop	{r3, pc}
   b4ab0:	2003e740 	.word	0x2003e740

000b4ab4 <_Z33system_initialize_user_backup_ramv>:
    memcpy(&link_global_retained_start, &link_global_retained_initial_values, len);
   b4ab4:	4805      	ldr	r0, [pc, #20]	; (b4acc <_Z33system_initialize_user_backup_ramv+0x18>)
   b4ab6:	4a06      	ldr	r2, [pc, #24]	; (b4ad0 <_Z33system_initialize_user_backup_ramv+0x1c>)
   b4ab8:	4906      	ldr	r1, [pc, #24]	; (b4ad4 <_Z33system_initialize_user_backup_ramv+0x20>)
{
   b4aba:	b508      	push	{r3, lr}
    memcpy(&link_global_retained_start, &link_global_retained_initial_values, len);
   b4abc:	1a12      	subs	r2, r2, r0
   b4abe:	f000 f8b1 	bl	b4c24 <memcpy>
    __backup_sram_signature = signature;
   b4ac2:	4b05      	ldr	r3, [pc, #20]	; (b4ad8 <_Z33system_initialize_user_backup_ramv+0x24>)
   b4ac4:	4a05      	ldr	r2, [pc, #20]	; (b4adc <_Z33system_initialize_user_backup_ramv+0x28>)
   b4ac6:	601a      	str	r2, [r3, #0]
}
   b4ac8:	bd08      	pop	{r3, pc}
   b4aca:	bf00      	nop
   b4acc:	2003f400 	.word	0x2003f400
   b4ad0:	2003f404 	.word	0x2003f404
   b4ad4:	000b5020 	.word	0x000b5020
   b4ad8:	2003f400 	.word	0x2003f400
   b4adc:	9a271c1e 	.word	0x9a271c1e

000b4ae0 <_Z27ctrl_request_custom_handlerP12ctrl_request>:
void __attribute((weak)) ctrl_request_custom_handler(ctrl_request* req) {
   b4ae0:	b507      	push	{r0, r1, r2, lr}
    system_ctrl_set_result(req, SYSTEM_ERROR_NOT_SUPPORTED, nullptr, nullptr, nullptr);
   b4ae2:	2300      	movs	r3, #0
   b4ae4:	9300      	str	r3, [sp, #0]
   b4ae6:	461a      	mov	r2, r3
   b4ae8:	f06f 0177 	mvn.w	r1, #119	; 0x77
   b4aec:	f7ff fc0a 	bl	b4304 <system_ctrl_set_result>
}
   b4af0:	b003      	add	sp, #12
   b4af2:	f85d fb04 	ldr.w	pc, [sp], #4
	...

000b4af8 <_ZL20ctrl_request_handlerP12ctrl_request>:
static void ctrl_request_handler(ctrl_request* req) {
   b4af8:	b507      	push	{r0, r1, r2, lr}
    switch (req->type) {
   b4afa:	8843      	ldrh	r3, [r0, #2]
   b4afc:	2b0a      	cmp	r3, #10
   b4afe:	d008      	beq.n	b4b12 <_ZL20ctrl_request_handlerP12ctrl_request+0x1a>
   b4b00:	2b50      	cmp	r3, #80	; 0x50
   b4b02:	d10b      	bne.n	b4b1c <_ZL20ctrl_request_handlerP12ctrl_request+0x24>
        if (log_process_ctrl_request_callback) {
   b4b04:	4b09      	ldr	r3, [pc, #36]	; (b4b2c <_ZL20ctrl_request_handlerP12ctrl_request+0x34>)
   b4b06:	681b      	ldr	r3, [r3, #0]
   b4b08:	b14b      	cbz	r3, b4b1e <_ZL20ctrl_request_handlerP12ctrl_request+0x26>
}
   b4b0a:	b003      	add	sp, #12
   b4b0c:	f85d eb04 	ldr.w	lr, [sp], #4
            log_process_ctrl_request_callback(req);
   b4b10:	4718      	bx	r3
        ctrl_request_custom_handler(req);
   b4b12:	f7ff ffe5 	bl	b4ae0 <_Z27ctrl_request_custom_handlerP12ctrl_request>
}
   b4b16:	b003      	add	sp, #12
   b4b18:	f85d fb04 	ldr.w	pc, [sp], #4
        system_ctrl_set_result(req, SYSTEM_ERROR_NOT_SUPPORTED, nullptr, nullptr, nullptr);
   b4b1c:	2300      	movs	r3, #0
   b4b1e:	9300      	str	r3, [sp, #0]
   b4b20:	461a      	mov	r2, r3
   b4b22:	f06f 0177 	mvn.w	r1, #119	; 0x77
   b4b26:	f7ff fbed 	bl	b4304 <system_ctrl_set_result>
}
   b4b2a:	e7f4      	b.n	b4b16 <_ZL20ctrl_request_handlerP12ctrl_request+0x1e>
   b4b2c:	2003e73c 	.word	0x2003e73c

000b4b30 <module_user_init_hook>:
{
   b4b30:	b510      	push	{r4, lr}
    newlib_impure_ptr_callback([](struct _reent* r, size_t size, uint32_t version, void* ctx) -> void {
   b4b32:	4812      	ldr	r0, [pc, #72]	; (b4b7c <module_user_init_hook+0x4c>)
   b4b34:	2100      	movs	r1, #0
   b4b36:	f7ff fc6f 	bl	b4418 <newlib_impure_ptr_callback>
#endif // HAL_PLATFORM_NEWLIB

#if HAL_PLATFORM_BACKUP_RAM
    backup_ram_was_valid_ = __backup_sram_signature == signature;
   b4b3a:	4b11      	ldr	r3, [pc, #68]	; (b4b80 <module_user_init_hook+0x50>)
   b4b3c:	681a      	ldr	r2, [r3, #0]
   b4b3e:	4b11      	ldr	r3, [pc, #68]	; (b4b84 <module_user_init_hook+0x54>)
   b4b40:	429a      	cmp	r2, r3
   b4b42:	4b11      	ldr	r3, [pc, #68]	; (b4b88 <module_user_init_hook+0x58>)
   b4b44:	bf0c      	ite	eq
   b4b46:	2201      	moveq	r2, #1
   b4b48:	2200      	movne	r2, #0
   b4b4a:	701a      	strb	r2, [r3, #0]
    if (!backup_ram_was_valid_) {
   b4b4c:	d001      	beq.n	b4b52 <module_user_init_hook+0x22>
        system_initialize_user_backup_ram();
   b4b4e:	f7ff ffb1 	bl	b4ab4 <_Z33system_initialize_user_backup_ramv>
    }
#endif

#if HAL_PLATFORM_RNG
    // Initialize the default stdlib PRNG using hardware RNG as a seed
    const uint32_t seed = HAL_RNG_GetRandomNumber();
   b4b52:	f7ff fb15 	bl	b4180 <HAL_RNG_GetRandomNumber>
   b4b56:	4604      	mov	r4, r0
    srand(seed);
   b4b58:	f000 f87a 	bl	b4c50 <srand>

    // If the user defines random_seed_from_cloud, call it with a seed value
    // generated by a hardware RNG as well.
    if (random_seed_from_cloud) {
   b4b5c:	4b0b      	ldr	r3, [pc, #44]	; (b4b8c <module_user_init_hook+0x5c>)
   b4b5e:	b113      	cbz	r3, b4b66 <module_user_init_hook+0x36>
        random_seed_from_cloud(seed);
   b4b60:	4620      	mov	r0, r4
   b4b62:	f3af 8000 	nop.w
    }
#endif
    // Register the random_seed_from_cloud handler
    spark_set_random_seed_from_cloud_handler(&random_seed_from_cloud, nullptr);
   b4b66:	2100      	movs	r1, #0
   b4b68:	4808      	ldr	r0, [pc, #32]	; (b4b8c <module_user_init_hook+0x5c>)
   b4b6a:	f7ff fbd5 	bl	b4318 <spark_set_random_seed_from_cloud_handler>

    // Register application handler for the control requests
    system_ctrl_set_app_request_handler(ctrl_request_handler, nullptr);
}
   b4b6e:	e8bd 4010 	ldmia.w	sp!, {r4, lr}
    system_ctrl_set_app_request_handler(ctrl_request_handler, nullptr);
   b4b72:	4807      	ldr	r0, [pc, #28]	; (b4b90 <module_user_init_hook+0x60>)
   b4b74:	2100      	movs	r1, #0
   b4b76:	f7ff bbbb 	b.w	b42f0 <system_ctrl_set_app_request_handler>
   b4b7a:	bf00      	nop
   b4b7c:	000b4a5d 	.word	0x000b4a5d
   b4b80:	2003f400 	.word	0x2003f400
   b4b84:	9a271c1e 	.word	0x9a271c1e
   b4b88:	2003e738 	.word	0x2003e738
   b4b8c:	00000000 	.word	0x00000000
   b4b90:	000b4af9 	.word	0x000b4af9

000b4b94 <__tcf_0>:
}
#endif

USARTSerial& __fetch_global_Serial1()
{
    static USARTSerial serial1(HAL_USART_SERIAL1, acquireSerial1Buffer());
   b4b94:	4770      	bx	lr
	...

000b4b98 <_Z20acquireSerial1Bufferv>:
{
   b4b98:	b538      	push	{r3, r4, r5, lr}
   b4b9a:	4604      	mov	r4, r0
    hal_usart_buffer_config_t config = {
   b4b9c:	2514      	movs	r5, #20
   b4b9e:	462a      	mov	r2, r5
   b4ba0:	2100      	movs	r1, #0
   b4ba2:	f000 f84d 	bl	b4c40 <memset>
   b4ba6:	8025      	strh	r5, [r4, #0]
   b4ba8:	2540      	movs	r5, #64	; 0x40
        .rx_buffer = new (std::nothrow) uint8_t[bufferSize],
   b4baa:	4907      	ldr	r1, [pc, #28]	; (b4bc8 <_Z20acquireSerial1Bufferv+0x30>)
    hal_usart_buffer_config_t config = {
   b4bac:	8125      	strh	r5, [r4, #8]
        .rx_buffer = new (std::nothrow) uint8_t[bufferSize],
   b4bae:	4628      	mov	r0, r5
    hal_usart_buffer_config_t config = {
   b4bb0:	8225      	strh	r5, [r4, #16]
        .rx_buffer = new (std::nothrow) uint8_t[bufferSize],
   b4bb2:	f000 f82f 	bl	b4c14 <_ZnajRKSt9nothrow_t>
        .tx_buffer = new (std::nothrow) uint8_t[bufferSize],
   b4bb6:	4904      	ldr	r1, [pc, #16]	; (b4bc8 <_Z20acquireSerial1Bufferv+0x30>)
    };
   b4bb8:	6060      	str	r0, [r4, #4]
        .tx_buffer = new (std::nothrow) uint8_t[bufferSize],
   b4bba:	4628      	mov	r0, r5
   b4bbc:	f000 f82a 	bl	b4c14 <_ZnajRKSt9nothrow_t>
    };
   b4bc0:	60e0      	str	r0, [r4, #12]
}
   b4bc2:	4620      	mov	r0, r4
   b4bc4:	bd38      	pop	{r3, r4, r5, pc}
   b4bc6:	bf00      	nop
   b4bc8:	000b4ef8 	.word	0x000b4ef8

000b4bcc <_Z22__fetch_global_Serial1v>:
{
   b4bcc:	b530      	push	{r4, r5, lr}
    static USARTSerial serial1(HAL_USART_SERIAL1, acquireSerial1Buffer());
   b4bce:	4d0e      	ldr	r5, [pc, #56]	; (b4c08 <_Z22__fetch_global_Serial1v+0x3c>)
   b4bd0:	7829      	ldrb	r1, [r5, #0]
   b4bd2:	f3bf 8f5b 	dmb	ish
   b4bd6:	f011 0401 	ands.w	r4, r1, #1
{
   b4bda:	b087      	sub	sp, #28
    static USARTSerial serial1(HAL_USART_SERIAL1, acquireSerial1Buffer());
   b4bdc:	d111      	bne.n	b4c02 <_Z22__fetch_global_Serial1v+0x36>
   b4bde:	4628      	mov	r0, r5
   b4be0:	f7ff fa63 	bl	b40aa <__cxa_guard_acquire>
   b4be4:	b168      	cbz	r0, b4c02 <_Z22__fetch_global_Serial1v+0x36>
   b4be6:	a801      	add	r0, sp, #4
   b4be8:	f7ff ffd6 	bl	b4b98 <_Z20acquireSerial1Bufferv>
   b4bec:	aa01      	add	r2, sp, #4
   b4bee:	4621      	mov	r1, r4
   b4bf0:	4806      	ldr	r0, [pc, #24]	; (b4c0c <_Z22__fetch_global_Serial1v+0x40>)
   b4bf2:	f7ff fe51 	bl	b4898 <_ZN11USARTSerialC1E21hal_usart_interface_tRK25hal_usart_buffer_config_t>
   b4bf6:	4628      	mov	r0, r5
   b4bf8:	f7ff fa5c 	bl	b40b4 <__cxa_guard_release>
   b4bfc:	4804      	ldr	r0, [pc, #16]	; (b4c10 <_Z22__fetch_global_Serial1v+0x44>)
   b4bfe:	f000 f80b 	bl	b4c18 <atexit>
    return serial1;
}
   b4c02:	4802      	ldr	r0, [pc, #8]	; (b4c0c <_Z22__fetch_global_Serial1v+0x40>)
   b4c04:	b007      	add	sp, #28
   b4c06:	bd30      	pop	{r4, r5, pc}
   b4c08:	2003e744 	.word	0x2003e744
   b4c0c:	2003e748 	.word	0x2003e748
   b4c10:	000b4b95 	.word	0x000b4b95

000b4c14 <_ZnajRKSt9nothrow_t>:
   b4c14:	f7ff ba45 	b.w	b40a2 <_Znaj>

000b4c18 <atexit>:
   b4c18:	2300      	movs	r3, #0
   b4c1a:	4601      	mov	r1, r0
   b4c1c:	461a      	mov	r2, r3
   b4c1e:	4618      	mov	r0, r3
   b4c20:	f000 b844 	b.w	b4cac <__register_exitproc>

000b4c24 <memcpy>:
   b4c24:	440a      	add	r2, r1
   b4c26:	4291      	cmp	r1, r2
   b4c28:	f100 33ff 	add.w	r3, r0, #4294967295	; 0xffffffff
   b4c2c:	d100      	bne.n	b4c30 <memcpy+0xc>
   b4c2e:	4770      	bx	lr
   b4c30:	b510      	push	{r4, lr}
   b4c32:	f811 4b01 	ldrb.w	r4, [r1], #1
   b4c36:	f803 4f01 	strb.w	r4, [r3, #1]!
   b4c3a:	4291      	cmp	r1, r2
   b4c3c:	d1f9      	bne.n	b4c32 <memcpy+0xe>
   b4c3e:	bd10      	pop	{r4, pc}

000b4c40 <memset>:
   b4c40:	4402      	add	r2, r0
   b4c42:	4603      	mov	r3, r0
   b4c44:	4293      	cmp	r3, r2
   b4c46:	d100      	bne.n	b4c4a <memset+0xa>
   b4c48:	4770      	bx	lr
   b4c4a:	f803 1b01 	strb.w	r1, [r3], #1
   b4c4e:	e7f9      	b.n	b4c44 <memset+0x4>

000b4c50 <srand>:
   b4c50:	b538      	push	{r3, r4, r5, lr}
   b4c52:	4b10      	ldr	r3, [pc, #64]	; (b4c94 <srand+0x44>)
   b4c54:	681d      	ldr	r5, [r3, #0]
   b4c56:	6bab      	ldr	r3, [r5, #56]	; 0x38
   b4c58:	4604      	mov	r4, r0
   b4c5a:	b9b3      	cbnz	r3, b4c8a <srand+0x3a>
   b4c5c:	2018      	movs	r0, #24
   b4c5e:	f7ff fbc3 	bl	b43e8 <malloc>
   b4c62:	4602      	mov	r2, r0
   b4c64:	63a8      	str	r0, [r5, #56]	; 0x38
   b4c66:	b920      	cbnz	r0, b4c72 <srand+0x22>
   b4c68:	4b0b      	ldr	r3, [pc, #44]	; (b4c98 <srand+0x48>)
   b4c6a:	480c      	ldr	r0, [pc, #48]	; (b4c9c <srand+0x4c>)
   b4c6c:	2142      	movs	r1, #66	; 0x42
   b4c6e:	f7ff fbcb 	bl	b4408 <__assert_func>
   b4c72:	490b      	ldr	r1, [pc, #44]	; (b4ca0 <srand+0x50>)
   b4c74:	4b0b      	ldr	r3, [pc, #44]	; (b4ca4 <srand+0x54>)
   b4c76:	e9c0 1300 	strd	r1, r3, [r0]
   b4c7a:	4b0b      	ldr	r3, [pc, #44]	; (b4ca8 <srand+0x58>)
   b4c7c:	6083      	str	r3, [r0, #8]
   b4c7e:	230b      	movs	r3, #11
   b4c80:	8183      	strh	r3, [r0, #12]
   b4c82:	2100      	movs	r1, #0
   b4c84:	2001      	movs	r0, #1
   b4c86:	e9c2 0104 	strd	r0, r1, [r2, #16]
   b4c8a:	6bab      	ldr	r3, [r5, #56]	; 0x38
   b4c8c:	2200      	movs	r2, #0
   b4c8e:	611c      	str	r4, [r3, #16]
   b4c90:	615a      	str	r2, [r3, #20]
   b4c92:	bd38      	pop	{r3, r4, r5, pc}
   b4c94:	2003e668 	.word	0x2003e668
   b4c98:	000b4ef9 	.word	0x000b4ef9
   b4c9c:	000b4f10 	.word	0x000b4f10
   b4ca0:	abcd330e 	.word	0xabcd330e
   b4ca4:	e66d1234 	.word	0xe66d1234
   b4ca8:	0005deec 	.word	0x0005deec

000b4cac <__register_exitproc>:
   b4cac:	e92d 43f8 	stmdb	sp!, {r3, r4, r5, r6, r7, r8, r9, lr}
   b4cb0:	f8df 80b8 	ldr.w	r8, [pc, #184]	; b4d6c <__register_exitproc+0xc0>
   b4cb4:	4606      	mov	r6, r0
   b4cb6:	f8d8 0000 	ldr.w	r0, [r8]
   b4cba:	461f      	mov	r7, r3
   b4cbc:	460d      	mov	r5, r1
   b4cbe:	4691      	mov	r9, r2
   b4cc0:	f000 f856 	bl	b4d70 <__retarget_lock_acquire_recursive>
   b4cc4:	4b25      	ldr	r3, [pc, #148]	; (b4d5c <__register_exitproc+0xb0>)
   b4cc6:	681c      	ldr	r4, [r3, #0]
   b4cc8:	b934      	cbnz	r4, b4cd8 <__register_exitproc+0x2c>
   b4cca:	4c25      	ldr	r4, [pc, #148]	; (b4d60 <__register_exitproc+0xb4>)
   b4ccc:	601c      	str	r4, [r3, #0]
   b4cce:	4b25      	ldr	r3, [pc, #148]	; (b4d64 <__register_exitproc+0xb8>)
   b4cd0:	b113      	cbz	r3, b4cd8 <__register_exitproc+0x2c>
   b4cd2:	681b      	ldr	r3, [r3, #0]
   b4cd4:	f8c4 3088 	str.w	r3, [r4, #136]	; 0x88
   b4cd8:	6863      	ldr	r3, [r4, #4]
   b4cda:	2b1f      	cmp	r3, #31
   b4cdc:	dd07      	ble.n	b4cee <__register_exitproc+0x42>
   b4cde:	f8d8 0000 	ldr.w	r0, [r8]
   b4ce2:	f000 f847 	bl	b4d74 <__retarget_lock_release_recursive>
   b4ce6:	f04f 30ff 	mov.w	r0, #4294967295	; 0xffffffff
   b4cea:	e8bd 83f8 	ldmia.w	sp!, {r3, r4, r5, r6, r7, r8, r9, pc}
   b4cee:	b34e      	cbz	r6, b4d44 <__register_exitproc+0x98>
   b4cf0:	f8d4 0088 	ldr.w	r0, [r4, #136]	; 0x88
   b4cf4:	b988      	cbnz	r0, b4d1a <__register_exitproc+0x6e>
   b4cf6:	4b1c      	ldr	r3, [pc, #112]	; (b4d68 <__register_exitproc+0xbc>)
   b4cf8:	b923      	cbnz	r3, b4d04 <__register_exitproc+0x58>
   b4cfa:	f8d8 0000 	ldr.w	r0, [r8]
   b4cfe:	f000 f838 	bl	b4d72 <__retarget_lock_release>
   b4d02:	e7f0      	b.n	b4ce6 <__register_exitproc+0x3a>
   b4d04:	f44f 7084 	mov.w	r0, #264	; 0x108
   b4d08:	f7ff fb6e 	bl	b43e8 <malloc>
   b4d0c:	2800      	cmp	r0, #0
   b4d0e:	d0f4      	beq.n	b4cfa <__register_exitproc+0x4e>
   b4d10:	2300      	movs	r3, #0
   b4d12:	e9c0 3340 	strd	r3, r3, [r0, #256]	; 0x100
   b4d16:	f8c4 0088 	str.w	r0, [r4, #136]	; 0x88
   b4d1a:	6863      	ldr	r3, [r4, #4]
   b4d1c:	f840 9023 	str.w	r9, [r0, r3, lsl #2]
   b4d20:	2201      	movs	r2, #1
   b4d22:	409a      	lsls	r2, r3
   b4d24:	eb00 0183 	add.w	r1, r0, r3, lsl #2
   b4d28:	f8d0 3100 	ldr.w	r3, [r0, #256]	; 0x100
   b4d2c:	4313      	orrs	r3, r2
   b4d2e:	f8c0 3100 	str.w	r3, [r0, #256]	; 0x100
   b4d32:	2e02      	cmp	r6, #2
   b4d34:	f8c1 7080 	str.w	r7, [r1, #128]	; 0x80
   b4d38:	bf02      	ittt	eq
   b4d3a:	f8d0 3104 	ldreq.w	r3, [r0, #260]	; 0x104
   b4d3e:	4313      	orreq	r3, r2
   b4d40:	f8c0 3104 	streq.w	r3, [r0, #260]	; 0x104
   b4d44:	6863      	ldr	r3, [r4, #4]
   b4d46:	f8d8 0000 	ldr.w	r0, [r8]
   b4d4a:	1c5a      	adds	r2, r3, #1
   b4d4c:	3302      	adds	r3, #2
   b4d4e:	6062      	str	r2, [r4, #4]
   b4d50:	f844 5023 	str.w	r5, [r4, r3, lsl #2]
   b4d54:	f000 f80e 	bl	b4d74 <__retarget_lock_release_recursive>
   b4d58:	2000      	movs	r0, #0
   b4d5a:	e7c6      	b.n	b4cea <__register_exitproc+0x3e>
   b4d5c:	2003e7e8 	.word	0x2003e7e8
   b4d60:	2003e75c 	.word	0x2003e75c
   b4d64:	00000000 	.word	0x00000000
   b4d68:	000b43e9 	.word	0x000b43e9
   b4d6c:	2003e6cc 	.word	0x2003e6cc

000b4d70 <__retarget_lock_acquire_recursive>:
   b4d70:	4770      	bx	lr

000b4d72 <__retarget_lock_release>:
   b4d72:	4770      	bx	lr

000b4d74 <__retarget_lock_release_recursive>:
   b4d74:	4770      	bx	lr

000b4d76 <link_code_end>:
	...

000b4d78 <dynalib_user>:
   b4d78:	402d 000b 4069 000b 4091 000b 4095 000b     -@..i@...@...@..
   b4d88:	0000 0000 7441 6174 6863 7420 6568 6120     ....Attach the a
   b4d98:	6772 6e6f 6f20 746e 206f 6874 2065 6f63     rgon onto the co
   b4da8:	706d 7475 7265 002e                         mputer..

000b4db0 <_ZTVN5spark13EthernetClassE>:
	...
   b4db8:	4497 000b 448d 000b 4483 000b 4479 000b     .D...D...D..yD..
   b4dc8:	446d 000b 4461 000b 45f5 000b 45fd 000b     mD..aD...E...E..
   b4dd8:	4455 000b 444d 000b 4443 000b 4439 000b     UD..MD..CD..9D..
   b4de8:	462d 000b                                   -F..

000b4dec <_ZTV9IPAddress>:
	...
   b4df4:	44c5 000b 44b5 000b 44b7 000b 7061 0070     .D...D...D..app.

000b4e04 <_ZTVN5spark12NetworkClassE>:
	...
   b4e0c:	45b5 000b 45bf 000b 45c9 000b 45d3 000b     .E...E...E...E..
   b4e1c:	45dd 000b 45e9 000b 45f5 000b 45fd 000b     .E...E...E...E..
   b4e2c:	4605 000b 4611 000b 4619 000b 4623 000b     .F...F...F..#F..
   b4e3c:	462d 000b 5925 252d 2d6d 6425 2554 3a48     -F..%Y-%m-%dT%H:
   b4e4c:	4d25 253a 2553 007a 7361 7463 6d69 0065     %M:%S%z.asctime.

000b4e5c <_ZTV11USARTSerial>:
	...
   b4e64:	481d 000b 4889 000b 4861 000b 4719 000b     .H...H..aH...G..
   b4e74:	4831 000b 484d 000b 483f 000b 485b 000b     1H..MH..?H..[H..
   b4e84:	481f 000b 4823 000b                         .H..#H..

000b4e8c <_ZTV9USBSerial>:
	...
   b4e94:	48d5 000b 493d 000b 4913 000b 4719 000b     .H..=I...I...G..
   b4ea4:	4905 000b 48d7 000b 48e7 000b 4937 000b     .I...H...H..7I..
   b4eb4:	48f7 000b 48cf 000b                         .H...H..

000b4ebc <_ZTVN5spark9WiFiClassE>:
	...
   b4ec4:	4a3f 000b 4a35 000b 4a2b 000b 49e1 000b     ?J..5J..+J...I..
   b4ed4:	4a1f 000b 4a13 000b 45f5 000b 45fd 000b     .J...J...E...E..
   b4ee4:	4a07 000b 49ff 000b 49f5 000b 49eb 000b     .J...I...I...I..
   b4ef4:	462d 000b                                   -F..

000b4ef8 <_ZSt7nothrow>:
   b4ef8:	5200 4545 544e 6d20 6c61 6f6c 2063 7573     .REENT malloc su
   b4f08:	6363 6565 6564 0064 742f 706d 6a2f 6e65     cceeded./tmp/jen
   b4f18:	696b 736e 472d 4343 312d 2d30 6970 6570     kins-GCC-10-pipe
   b4f28:	696c 656e 342d 5f38 3032 3032 3131 3432     line-48_20201124
   b4f38:	315f 3036 3136 3038 3336 2f39 7273 2f63     _1606180639/src/
   b4f48:	656e 6c77 6269 6e2f 7765 696c 2f62 696c     newlib/newlib/li
   b4f58:	6362 732f 6474 696c 2f62 6172 646e 632e     bc/stdlib/rand.c
	...

000b4f69 <link_const_data_end>:
   b4f69:	00          	.byte	0x00
	...

000b4f6c <link_constructors_location>:
   b4f6c:	000b4149 	.word	0x000b4149
   b4f70:	000b4429 	.word	0x000b4429
   b4f74:	000b44a1 	.word	0x000b44a1
   b4f78:	000b45a5 	.word	0x000b45a5
   b4f7c:	000b4705 	.word	0x000b4705
   b4f80:	000b47d9 	.word	0x000b47d9
   b4f84:	000b47e5 	.word	0x000b47e5
   b4f88:	000b4809 	.word	0x000b4809
   b4f8c:	000b4a49 	.word	0x000b4a49
